The system is: Linux - 6.1.71-1-MANJARO - x86_64
Compiling the C compiler identification source file "CMakeCCompilerId.c" succeeded.
Compiler: /usr/bin/cc 
Build flags: 
Id flags:  

The output was:
0


Compilation of the C compiler identification source "CMakeCCompilerId.c" produced "a.out"

The C compiler identification is GNU, found in "/run/media/afreet/D/Codes/Base/build/CMakeFiles/3.25.0/CompilerIdC/a.out"

Compiling the CXX compiler identification source file "CMakeCXXCompilerId.cpp" succeeded.
Compiler: /usr/bin/c++ 
Build flags: 
Id flags:  

The output was:
0


Compilation of the CXX compiler identification source "CMakeCXXCompilerId.cpp" produced "a.out"

The CXX compiler identification is GNU, found in "/run/media/afreet/D/Codes/Base/build/CMakeFiles/3.25.0/CompilerIdCXX/a.out"

Detecting C compiler ABI info compiled with the following output:
Change Dir: /run/media/afreet/D/Codes/Base/build/CMakeFiles/CMakeScratch/TryCompile-3bVY55

Run Build Command(s):/usr/bin/make -f Makefile cmTC_b51e0/fast && /usr/bin/make  -f CMakeFiles/cmTC_b51e0.dir/build.make CMakeFiles/cmTC_b51e0.dir/build
make[1]: Entering directory '/run/media/afreet/D/Codes/Base/build/CMakeFiles/CMakeScratch/TryCompile-3bVY55'
Building C object CMakeFiles/cmTC_b51e0.dir/CMakeCCompilerABI.c.o
/usr/bin/cc   -v -o CMakeFiles/cmTC_b51e0.dir/CMakeCCompilerABI.c.o -c /home/afreet/anaconda3/lib/python3.10/site-packages/cmake/data/share/cmake-3.25/Modules/CMakeCCompilerABI.c
Using built-in specs.
COLLECT_GCC=/usr/bin/cc
Target: x86_64-pc-linux-gnu
Configured with: /build/gcc/src/gcc/configure --enable-languages=ada,c,c++,d,fortran,go,lto,objc,obj-c++ --enable-bootstrap --prefix=/usr --libdir=/usr/lib --libexecdir=/usr/lib --mandir=/usr/share/man --infodir=/usr/share/info --with-bugurl=https://bugs.archlinux.org/ --with-build-config=bootstrap-lto --with-linker-hash-style=gnu --with-system-zlib --enable-__cxa_atexit --enable-cet=auto --enable-checking=release --enable-clocale=gnu --enable-default-pie --enable-default-ssp --enable-gnu-indirect-function --enable-gnu-unique-object --enable-libstdcxx-backtrace --enable-link-serialization=1 --enable-linker-build-id --enable-lto --enable-multilib --enable-plugin --enable-shared --enable-threads=posix --disable-libssp --disable-libstdcxx-pch --disable-werror
Thread model: posix
Supported LTO compression algorithms: zlib zstd
gcc version 13.2.1 20230801 (GCC) 
COLLECT_GCC_OPTIONS='-v' '-o' 'CMakeFiles/cmTC_b51e0.dir/CMakeCCompilerABI.c.o' '-c' '-mtune=generic' '-march=x86-64' '-dumpdir' 'CMakeFiles/cmTC_b51e0.dir/'
 /usr/lib/gcc/x86_64-pc-linux-gnu/13.2.1/cc1 -quiet -v /home/afreet/anaconda3/lib/python3.10/site-packages/cmake/data/share/cmake-3.25/Modules/CMakeCCompilerABI.c -quiet -dumpdir CMakeFiles/cmTC_b51e0.dir/ -dumpbase CMakeCCompilerABI.c.c -dumpbase-ext .c -mtune=generic -march=x86-64 -version -o /tmp/ccYkkbvr.s
GNU C17 (GCC) version 13.2.1 20230801 (x86_64-pc-linux-gnu)
	compiled by GNU C version 13.2.1 20230801, GMP version 6.3.0, MPFR version 4.2.0-p12, MPC version 1.3.1, isl version isl-0.26-GMP

warning: MPFR header version 4.2.0-p12 differs from library version 4.2.1.
GGC heuristics: --param ggc-min-expand=100 --param ggc-min-heapsize=131072
ignoring nonexistent directory "/usr/lib/gcc/x86_64-pc-linux-gnu/13.2.1/../../../../x86_64-pc-linux-gnu/include"
#include "..." search starts here:
#include <...> search starts here:
 /usr/lib/gcc/x86_64-pc-linux-gnu/13.2.1/include
 /usr/local/include
 /usr/lib/gcc/x86_64-pc-linux-gnu/13.2.1/include-fixed
 /usr/include
End of search list.
Compiler executable checksum: 865c2688a4f1e3f13d6bf2cc8fd98762
COLLECT_GCC_OPTIONS='-v' '-o' 'CMakeFiles/cmTC_b51e0.dir/CMakeCCompilerABI.c.o' '-c' '-mtune=generic' '-march=x86-64' '-dumpdir' 'CMakeFiles/cmTC_b51e0.dir/'
 as -v --64 -o CMakeFiles/cmTC_b51e0.dir/CMakeCCompilerABI.c.o /tmp/ccYkkbvr.s
GNU assembler version 2.41.0 (x86_64-pc-linux-gnu) using BFD version (GNU Binutils) 2.41.0
COMPILER_PATH=/usr/lib/gcc/x86_64-pc-linux-gnu/13.2.1/:/usr/lib/gcc/x86_64-pc-linux-gnu/13.2.1/:/usr/lib/gcc/x86_64-pc-linux-gnu/:/usr/lib/gcc/x86_64-pc-linux-gnu/13.2.1/:/usr/lib/gcc/x86_64-pc-linux-gnu/
LIBRARY_PATH=/usr/lib/gcc/x86_64-pc-linux-gnu/13.2.1/:/usr/lib/gcc/x86_64-pc-linux-gnu/13.2.1/../../../../lib/:/lib/../lib/:/usr/lib/../lib/:/usr/lib/gcc/x86_64-pc-linux-gnu/13.2.1/../../../:/lib/:/usr/lib/
COLLECT_GCC_OPTIONS='-v' '-o' 'CMakeFiles/cmTC_b51e0.dir/CMakeCCompilerABI.c.o' '-c' '-mtune=generic' '-march=x86-64' '-dumpdir' 'CMakeFiles/cmTC_b51e0.dir/CMakeCCompilerABI.c.'
Linking C executable cmTC_b51e0
/home/afreet/anaconda3/lib/python3.10/site-packages/cmake/data/bin/cmake -E cmake_link_script CMakeFiles/cmTC_b51e0.dir/link.txt --verbose=1
/usr/bin/cc  -v -rdynamic CMakeFiles/cmTC_b51e0.dir/CMakeCCompilerABI.c.o -o cmTC_b51e0 
Using built-in specs.
COLLECT_GCC=/usr/bin/cc
COLLECT_LTO_WRAPPER=/usr/lib/gcc/x86_64-pc-linux-gnu/13.2.1/lto-wrapper
Target: x86_64-pc-linux-gnu
Configured with: /build/gcc/src/gcc/configure --enable-languages=ada,c,c++,d,fortran,go,lto,objc,obj-c++ --enable-bootstrap --prefix=/usr --libdir=/usr/lib --libexecdir=/usr/lib --mandir=/usr/share/man --infodir=/usr/share/info --with-bugurl=https://bugs.archlinux.org/ --with-build-config=bootstrap-lto --with-linker-hash-style=gnu --with-system-zlib --enable-__cxa_atexit --enable-cet=auto --enable-checking=release --enable-clocale=gnu --enable-default-pie --enable-default-ssp --enable-gnu-indirect-function --enable-gnu-unique-object --enable-libstdcxx-backtrace --enable-link-serialization=1 --enable-linker-build-id --enable-lto --enable-multilib --enable-plugin --enable-shared --enable-threads=posix --disable-libssp --disable-libstdcxx-pch --disable-werror
Thread model: posix
Supported LTO compression algorithms: zlib zstd
gcc version 13.2.1 20230801 (GCC) 
COMPILER_PATH=/usr/lib/gcc/x86_64-pc-linux-gnu/13.2.1/:/usr/lib/gcc/x86_64-pc-linux-gnu/13.2.1/:/usr/lib/gcc/x86_64-pc-linux-gnu/:/usr/lib/gcc/x86_64-pc-linux-gnu/13.2.1/:/usr/lib/gcc/x86_64-pc-linux-gnu/
LIBRARY_PATH=/usr/lib/gcc/x86_64-pc-linux-gnu/13.2.1/:/usr/lib/gcc/x86_64-pc-linux-gnu/13.2.1/../../../../lib/:/lib/../lib/:/usr/lib/../lib/:/usr/lib/gcc/x86_64-pc-linux-gnu/13.2.1/../../../:/lib/:/usr/lib/
COLLECT_GCC_OPTIONS='-v' '-rdynamic' '-o' 'cmTC_b51e0' '-mtune=generic' '-march=x86-64' '-dumpdir' 'cmTC_b51e0.'
 /usr/lib/gcc/x86_64-pc-linux-gnu/13.2.1/collect2 -plugin /usr/lib/gcc/x86_64-pc-linux-gnu/13.2.1/liblto_plugin.so -plugin-opt=/usr/lib/gcc/x86_64-pc-linux-gnu/13.2.1/lto-wrapper -plugin-opt=-fresolution=/tmp/ccB5to0b.res -plugin-opt=-pass-through=-lgcc -plugin-opt=-pass-through=-lgcc_s -plugin-opt=-pass-through=-lc -plugin-opt=-pass-through=-lgcc -plugin-opt=-pass-through=-lgcc_s --build-id --eh-frame-hdr --hash-style=gnu -m elf_x86_64 -export-dynamic -dynamic-linker /lib64/ld-linux-x86-64.so.2 -pie -o cmTC_b51e0 /usr/lib/gcc/x86_64-pc-linux-gnu/13.2.1/../../../../lib/Scrt1.o /usr/lib/gcc/x86_64-pc-linux-gnu/13.2.1/../../../../lib/crti.o /usr/lib/gcc/x86_64-pc-linux-gnu/13.2.1/crtbeginS.o -L/usr/lib/gcc/x86_64-pc-linux-gnu/13.2.1 -L/usr/lib/gcc/x86_64-pc-linux-gnu/13.2.1/../../../../lib -L/lib/../lib -L/usr/lib/../lib -L/usr/lib/gcc/x86_64-pc-linux-gnu/13.2.1/../../.. CMakeFiles/cmTC_b51e0.dir/CMakeCCompilerABI.c.o -lgcc --push-state --as-needed -lgcc_s --pop-state -lc -lgcc --push-state --as-needed -lgcc_s --pop-state /usr/lib/gcc/x86_64-pc-linux-gnu/13.2.1/crtendS.o /usr/lib/gcc/x86_64-pc-linux-gnu/13.2.1/../../../../lib/crtn.o
COLLECT_GCC_OPTIONS='-v' '-rdynamic' '-o' 'cmTC_b51e0' '-mtune=generic' '-march=x86-64' '-dumpdir' 'cmTC_b51e0.'
make[1]: Leaving directory '/run/media/afreet/D/Codes/Base/build/CMakeFiles/CMakeScratch/TryCompile-3bVY55'



Parsed C implicit include dir info from above output: rv=done
  found start of include info
  found start of implicit include info
    add: [/usr/lib/gcc/x86_64-pc-linux-gnu/13.2.1/include]
    add: [/usr/local/include]
    add: [/usr/lib/gcc/x86_64-pc-linux-gnu/13.2.1/include-fixed]
    add: [/usr/include]
  end of search list found
  collapse include dir [/usr/lib/gcc/x86_64-pc-linux-gnu/13.2.1/include] ==> [/usr/lib/gcc/x86_64-pc-linux-gnu/13.2.1/include]
  collapse include dir [/usr/local/include] ==> [/usr/local/include]
  collapse include dir [/usr/lib/gcc/x86_64-pc-linux-gnu/13.2.1/include-fixed] ==> [/usr/lib/gcc/x86_64-pc-linux-gnu/13.2.1/include-fixed]
  collapse include dir [/usr/include] ==> [/usr/include]
  implicit include dirs: [/usr/lib/gcc/x86_64-pc-linux-gnu/13.2.1/include;/usr/local/include;/usr/lib/gcc/x86_64-pc-linux-gnu/13.2.1/include-fixed;/usr/include]


Parsed C implicit link information from above output:
  link line regex: [^( *|.*[/\])(ld|CMAKE_LINK_STARTFILE-NOTFOUND|([^/\]+-)?ld|collect2)[^/\]*( |$)]
  ignore line: [Change Dir: /run/media/afreet/D/Codes/Base/build/CMakeFiles/CMakeScratch/TryCompile-3bVY55]
  ignore line: []
  ignore line: [Run Build Command(s):/usr/bin/make -f Makefile cmTC_b51e0/fast && /usr/bin/make  -f CMakeFiles/cmTC_b51e0.dir/build.make CMakeFiles/cmTC_b51e0.dir/build]
  ignore line: [make[1]: Entering directory '/run/media/afreet/D/Codes/Base/build/CMakeFiles/CMakeScratch/TryCompile-3bVY55']
  ignore line: [Building C object CMakeFiles/cmTC_b51e0.dir/CMakeCCompilerABI.c.o]
  ignore line: [/usr/bin/cc   -v -o CMakeFiles/cmTC_b51e0.dir/CMakeCCompilerABI.c.o -c /home/afreet/anaconda3/lib/python3.10/site-packages/cmake/data/share/cmake-3.25/Modules/CMakeCCompilerABI.c]
  ignore line: [Using built-in specs.]
  ignore line: [COLLECT_GCC=/usr/bin/cc]
  ignore line: [Target: x86_64-pc-linux-gnu]
  ignore line: [Configured with: /build/gcc/src/gcc/configure --enable-languages=ada c c++ d fortran go lto objc obj-c++ --enable-bootstrap --prefix=/usr --libdir=/usr/lib --libexecdir=/usr/lib --mandir=/usr/share/man --infodir=/usr/share/info --with-bugurl=https://bugs.archlinux.org/ --with-build-config=bootstrap-lto --with-linker-hash-style=gnu --with-system-zlib --enable-__cxa_atexit --enable-cet=auto --enable-checking=release --enable-clocale=gnu --enable-default-pie --enable-default-ssp --enable-gnu-indirect-function --enable-gnu-unique-object --enable-libstdcxx-backtrace --enable-link-serialization=1 --enable-linker-build-id --enable-lto --enable-multilib --enable-plugin --enable-shared --enable-threads=posix --disable-libssp --disable-libstdcxx-pch --disable-werror]
  ignore line: [Thread model: posix]
  ignore line: [Supported LTO compression algorithms: zlib zstd]
  ignore line: [gcc version 13.2.1 20230801 (GCC) ]
  ignore line: [COLLECT_GCC_OPTIONS='-v' '-o' 'CMakeFiles/cmTC_b51e0.dir/CMakeCCompilerABI.c.o' '-c' '-mtune=generic' '-march=x86-64' '-dumpdir' 'CMakeFiles/cmTC_b51e0.dir/']
  ignore line: [ /usr/lib/gcc/x86_64-pc-linux-gnu/13.2.1/cc1 -quiet -v /home/afreet/anaconda3/lib/python3.10/site-packages/cmake/data/share/cmake-3.25/Modules/CMakeCCompilerABI.c -quiet -dumpdir CMakeFiles/cmTC_b51e0.dir/ -dumpbase CMakeCCompilerABI.c.c -dumpbase-ext .c -mtune=generic -march=x86-64 -version -o /tmp/ccYkkbvr.s]
  ignore line: [GNU C17 (GCC) version 13.2.1 20230801 (x86_64-pc-linux-gnu)]
  ignore line: [	compiled by GNU C version 13.2.1 20230801  GMP version 6.3.0  MPFR version 4.2.0-p12  MPC version 1.3.1  isl version isl-0.26-GMP]
  ignore line: []
  ignore line: [warning: MPFR header version 4.2.0-p12 differs from library version 4.2.1.]
  ignore line: [GGC heuristics: --param ggc-min-expand=100 --param ggc-min-heapsize=131072]
  ignore line: [ignoring nonexistent directory "/usr/lib/gcc/x86_64-pc-linux-gnu/13.2.1/../../../../x86_64-pc-linux-gnu/include"]
  ignore line: [#include "..." search starts here:]
  ignore line: [#include <...> search starts here:]
  ignore line: [ /usr/lib/gcc/x86_64-pc-linux-gnu/13.2.1/include]
  ignore line: [ /usr/local/include]
  ignore line: [ /usr/lib/gcc/x86_64-pc-linux-gnu/13.2.1/include-fixed]
  ignore line: [ /usr/include]
  ignore line: [End of search list.]
  ignore line: [Compiler executable checksum: 865c2688a4f1e3f13d6bf2cc8fd98762]
  ignore line: [COLLECT_GCC_OPTIONS='-v' '-o' 'CMakeFiles/cmTC_b51e0.dir/CMakeCCompilerABI.c.o' '-c' '-mtune=generic' '-march=x86-64' '-dumpdir' 'CMakeFiles/cmTC_b51e0.dir/']
  ignore line: [ as -v --64 -o CMakeFiles/cmTC_b51e0.dir/CMakeCCompilerABI.c.o /tmp/ccYkkbvr.s]
  ignore line: [GNU assembler version 2.41.0 (x86_64-pc-linux-gnu) using BFD version (GNU Binutils) 2.41.0]
  ignore line: [COMPILER_PATH=/usr/lib/gcc/x86_64-pc-linux-gnu/13.2.1/:/usr/lib/gcc/x86_64-pc-linux-gnu/13.2.1/:/usr/lib/gcc/x86_64-pc-linux-gnu/:/usr/lib/gcc/x86_64-pc-linux-gnu/13.2.1/:/usr/lib/gcc/x86_64-pc-linux-gnu/]
  ignore line: [LIBRARY_PATH=/usr/lib/gcc/x86_64-pc-linux-gnu/13.2.1/:/usr/lib/gcc/x86_64-pc-linux-gnu/13.2.1/../../../../lib/:/lib/../lib/:/usr/lib/../lib/:/usr/lib/gcc/x86_64-pc-linux-gnu/13.2.1/../../../:/lib/:/usr/lib/]
  ignore line: [COLLECT_GCC_OPTIONS='-v' '-o' 'CMakeFiles/cmTC_b51e0.dir/CMakeCCompilerABI.c.o' '-c' '-mtune=generic' '-march=x86-64' '-dumpdir' 'CMakeFiles/cmTC_b51e0.dir/CMakeCCompilerABI.c.']
  ignore line: [Linking C executable cmTC_b51e0]
  ignore line: [/home/afreet/anaconda3/lib/python3.10/site-packages/cmake/data/bin/cmake -E cmake_link_script CMakeFiles/cmTC_b51e0.dir/link.txt --verbose=1]
  ignore line: [/usr/bin/cc  -v -rdynamic CMakeFiles/cmTC_b51e0.dir/CMakeCCompilerABI.c.o -o cmTC_b51e0 ]
  ignore line: [Using built-in specs.]
  ignore line: [COLLECT_GCC=/usr/bin/cc]
  ignore line: [COLLECT_LTO_WRAPPER=/usr/lib/gcc/x86_64-pc-linux-gnu/13.2.1/lto-wrapper]
  ignore line: [Target: x86_64-pc-linux-gnu]
  ignore line: [Configured with: /build/gcc/src/gcc/configure --enable-languages=ada c c++ d fortran go lto objc obj-c++ --enable-bootstrap --prefix=/usr --libdir=/usr/lib --libexecdir=/usr/lib --mandir=/usr/share/man --infodir=/usr/share/info --with-bugurl=https://bugs.archlinux.org/ --with-build-config=bootstrap-lto --with-linker-hash-style=gnu --with-system-zlib --enable-__cxa_atexit --enable-cet=auto --enable-checking=release --enable-clocale=gnu --enable-default-pie --enable-default-ssp --enable-gnu-indirect-function --enable-gnu-unique-object --enable-libstdcxx-backtrace --enable-link-serialization=1 --enable-linker-build-id --enable-lto --enable-multilib --enable-plugin --enable-shared --enable-threads=posix --disable-libssp --disable-libstdcxx-pch --disable-werror]
  ignore line: [Thread model: posix]
  ignore line: [Supported LTO compression algorithms: zlib zstd]
  ignore line: [gcc version 13.2.1 20230801 (GCC) ]
  ignore line: [COMPILER_PATH=/usr/lib/gcc/x86_64-pc-linux-gnu/13.2.1/:/usr/lib/gcc/x86_64-pc-linux-gnu/13.2.1/:/usr/lib/gcc/x86_64-pc-linux-gnu/:/usr/lib/gcc/x86_64-pc-linux-gnu/13.2.1/:/usr/lib/gcc/x86_64-pc-linux-gnu/]
  ignore line: [LIBRARY_PATH=/usr/lib/gcc/x86_64-pc-linux-gnu/13.2.1/:/usr/lib/gcc/x86_64-pc-linux-gnu/13.2.1/../../../../lib/:/lib/../lib/:/usr/lib/../lib/:/usr/lib/gcc/x86_64-pc-linux-gnu/13.2.1/../../../:/lib/:/usr/lib/]
  ignore line: [COLLECT_GCC_OPTIONS='-v' '-rdynamic' '-o' 'cmTC_b51e0' '-mtune=generic' '-march=x86-64' '-dumpdir' 'cmTC_b51e0.']
  link line: [ /usr/lib/gcc/x86_64-pc-linux-gnu/13.2.1/collect2 -plugin /usr/lib/gcc/x86_64-pc-linux-gnu/13.2.1/liblto_plugin.so -plugin-opt=/usr/lib/gcc/x86_64-pc-linux-gnu/13.2.1/lto-wrapper -plugin-opt=-fresolution=/tmp/ccB5to0b.res -plugin-opt=-pass-through=-lgcc -plugin-opt=-pass-through=-lgcc_s -plugin-opt=-pass-through=-lc -plugin-opt=-pass-through=-lgcc -plugin-opt=-pass-through=-lgcc_s --build-id --eh-frame-hdr --hash-style=gnu -m elf_x86_64 -export-dynamic -dynamic-linker /lib64/ld-linux-x86-64.so.2 -pie -o cmTC_b51e0 /usr/lib/gcc/x86_64-pc-linux-gnu/13.2.1/../../../../lib/Scrt1.o /usr/lib/gcc/x86_64-pc-linux-gnu/13.2.1/../../../../lib/crti.o /usr/lib/gcc/x86_64-pc-linux-gnu/13.2.1/crtbeginS.o -L/usr/lib/gcc/x86_64-pc-linux-gnu/13.2.1 -L/usr/lib/gcc/x86_64-pc-linux-gnu/13.2.1/../../../../lib -L/lib/../lib -L/usr/lib/../lib -L/usr/lib/gcc/x86_64-pc-linux-gnu/13.2.1/../../.. CMakeFiles/cmTC_b51e0.dir/CMakeCCompilerABI.c.o -lgcc --push-state --as-needed -lgcc_s --pop-state -lc -lgcc --push-state --as-needed -lgcc_s --pop-state /usr/lib/gcc/x86_64-pc-linux-gnu/13.2.1/crtendS.o /usr/lib/gcc/x86_64-pc-linux-gnu/13.2.1/../../../../lib/crtn.o]
    arg [/usr/lib/gcc/x86_64-pc-linux-gnu/13.2.1/collect2] ==> ignore
    arg [-plugin] ==> ignore
    arg [/usr/lib/gcc/x86_64-pc-linux-gnu/13.2.1/liblto_plugin.so] ==> ignore
    arg [-plugin-opt=/usr/lib/gcc/x86_64-pc-linux-gnu/13.2.1/lto-wrapper] ==> ignore
    arg [-plugin-opt=-fresolution=/tmp/ccB5to0b.res] ==> ignore
    arg [-plugin-opt=-pass-through=-lgcc] ==> ignore
    arg [-plugin-opt=-pass-through=-lgcc_s] ==> ignore
    arg [-plugin-opt=-pass-through=-lc] ==> ignore
    arg [-plugin-opt=-pass-through=-lgcc] ==> ignore
    arg [-plugin-opt=-pass-through=-lgcc_s] ==> ignore
    arg [--build-id] ==> ignore
    arg [--eh-frame-hdr] ==> ignore
    arg [--hash-style=gnu] ==> ignore
    arg [-m] ==> ignore
    arg [elf_x86_64] ==> ignore
    arg [-export-dynamic] ==> ignore
    arg [-dynamic-linker] ==> ignore
    arg [/lib64/ld-linux-x86-64.so.2] ==> ignore
    arg [-pie] ==> ignore
    arg [-o] ==> ignore
    arg [cmTC_b51e0] ==> ignore
    arg [/usr/lib/gcc/x86_64-pc-linux-gnu/13.2.1/../../../../lib/Scrt1.o] ==> obj [/usr/lib/gcc/x86_64-pc-linux-gnu/13.2.1/../../../../lib/Scrt1.o]
    arg [/usr/lib/gcc/x86_64-pc-linux-gnu/13.2.1/../../../../lib/crti.o] ==> obj [/usr/lib/gcc/x86_64-pc-linux-gnu/13.2.1/../../../../lib/crti.o]
    arg [/usr/lib/gcc/x86_64-pc-linux-gnu/13.2.1/crtbeginS.o] ==> obj [/usr/lib/gcc/x86_64-pc-linux-gnu/13.2.1/crtbeginS.o]
    arg [-L/usr/lib/gcc/x86_64-pc-linux-gnu/13.2.1] ==> dir [/usr/lib/gcc/x86_64-pc-linux-gnu/13.2.1]
    arg [-L/usr/lib/gcc/x86_64-pc-linux-gnu/13.2.1/../../../../lib] ==> dir [/usr/lib/gcc/x86_64-pc-linux-gnu/13.2.1/../../../../lib]
    arg [-L/lib/../lib] ==> dir [/lib/../lib]
    arg [-L/usr/lib/../lib] ==> dir [/usr/lib/../lib]
    arg [-L/usr/lib/gcc/x86_64-pc-linux-gnu/13.2.1/../../..] ==> dir [/usr/lib/gcc/x86_64-pc-linux-gnu/13.2.1/../../..]
    arg [CMakeFiles/cmTC_b51e0.dir/CMakeCCompilerABI.c.o] ==> ignore
    arg [-lgcc] ==> lib [gcc]
    arg [--push-state] ==> ignore
    arg [--as-needed] ==> ignore
    arg [-lgcc_s] ==> lib [gcc_s]
    arg [--pop-state] ==> ignore
    arg [-lc] ==> lib [c]
    arg [-lgcc] ==> lib [gcc]
    arg [--push-state] ==> ignore
    arg [--as-needed] ==> ignore
    arg [-lgcc_s] ==> lib [gcc_s]
    arg [--pop-state] ==> ignore
    arg [/usr/lib/gcc/x86_64-pc-linux-gnu/13.2.1/crtendS.o] ==> obj [/usr/lib/gcc/x86_64-pc-linux-gnu/13.2.1/crtendS.o]
    arg [/usr/lib/gcc/x86_64-pc-linux-gnu/13.2.1/../../../../lib/crtn.o] ==> obj [/usr/lib/gcc/x86_64-pc-linux-gnu/13.2.1/../../../../lib/crtn.o]
  collapse obj [/usr/lib/gcc/x86_64-pc-linux-gnu/13.2.1/../../../../lib/Scrt1.o] ==> [/usr/lib/Scrt1.o]
  collapse obj [/usr/lib/gcc/x86_64-pc-linux-gnu/13.2.1/../../../../lib/crti.o] ==> [/usr/lib/crti.o]
  collapse obj [/usr/lib/gcc/x86_64-pc-linux-gnu/13.2.1/../../../../lib/crtn.o] ==> [/usr/lib/crtn.o]
  collapse library dir [/usr/lib/gcc/x86_64-pc-linux-gnu/13.2.1] ==> [/usr/lib/gcc/x86_64-pc-linux-gnu/13.2.1]
  collapse library dir [/usr/lib/gcc/x86_64-pc-linux-gnu/13.2.1/../../../../lib] ==> [/usr/lib]
  collapse library dir [/lib/../lib] ==> [/lib]
  collapse library dir [/usr/lib/../lib] ==> [/usr/lib]
  collapse library dir [/usr/lib/gcc/x86_64-pc-linux-gnu/13.2.1/../../..] ==> [/usr/lib]
  implicit libs: [gcc;gcc_s;c;gcc;gcc_s]
  implicit objs: [/usr/lib/Scrt1.o;/usr/lib/crti.o;/usr/lib/gcc/x86_64-pc-linux-gnu/13.2.1/crtbeginS.o;/usr/lib/gcc/x86_64-pc-linux-gnu/13.2.1/crtendS.o;/usr/lib/crtn.o]
  implicit dirs: [/usr/lib/gcc/x86_64-pc-linux-gnu/13.2.1;/usr/lib;/lib]
  implicit fwks: []


Detecting CXX compiler ABI info compiled with the following output:
Change Dir: /run/media/afreet/D/Codes/Base/build/CMakeFiles/CMakeScratch/TryCompile-r1kdTV

Run Build Command(s):/usr/bin/make -f Makefile cmTC_e6f4a/fast && /usr/bin/make  -f CMakeFiles/cmTC_e6f4a.dir/build.make CMakeFiles/cmTC_e6f4a.dir/build
make[1]: Entering directory '/run/media/afreet/D/Codes/Base/build/CMakeFiles/CMakeScratch/TryCompile-r1kdTV'
Building CXX object CMakeFiles/cmTC_e6f4a.dir/CMakeCXXCompilerABI.cpp.o
/usr/bin/c++   -v -o CMakeFiles/cmTC_e6f4a.dir/CMakeCXXCompilerABI.cpp.o -c /home/afreet/anaconda3/lib/python3.10/site-packages/cmake/data/share/cmake-3.25/Modules/CMakeCXXCompilerABI.cpp
Using built-in specs.
COLLECT_GCC=/usr/bin/c++
Target: x86_64-pc-linux-gnu
Configured with: /build/gcc/src/gcc/configure --enable-languages=ada,c,c++,d,fortran,go,lto,objc,obj-c++ --enable-bootstrap --prefix=/usr --libdir=/usr/lib --libexecdir=/usr/lib --mandir=/usr/share/man --infodir=/usr/share/info --with-bugurl=https://bugs.archlinux.org/ --with-build-config=bootstrap-lto --with-linker-hash-style=gnu --with-system-zlib --enable-__cxa_atexit --enable-cet=auto --enable-checking=release --enable-clocale=gnu --enable-default-pie --enable-default-ssp --enable-gnu-indirect-function --enable-gnu-unique-object --enable-libstdcxx-backtrace --enable-link-serialization=1 --enable-linker-build-id --enable-lto --enable-multilib --enable-plugin --enable-shared --enable-threads=posix --disable-libssp --disable-libstdcxx-pch --disable-werror
Thread model: posix
Supported LTO compression algorithms: zlib zstd
gcc version 13.2.1 20230801 (GCC) 
COLLECT_GCC_OPTIONS='-v' '-o' 'CMakeFiles/cmTC_e6f4a.dir/CMakeCXXCompilerABI.cpp.o' '-c' '-shared-libgcc' '-mtune=generic' '-march=x86-64' '-dumpdir' 'CMakeFiles/cmTC_e6f4a.dir/'
 /usr/lib/gcc/x86_64-pc-linux-gnu/13.2.1/cc1plus -quiet -v -D_GNU_SOURCE /home/afreet/anaconda3/lib/python3.10/site-packages/cmake/data/share/cmake-3.25/Modules/CMakeCXXCompilerABI.cpp -quiet -dumpdir CMakeFiles/cmTC_e6f4a.dir/ -dumpbase CMakeCXXCompilerABI.cpp.cpp -dumpbase-ext .cpp -mtune=generic -march=x86-64 -version -o /tmp/ccWUdg8C.s
GNU C++17 (GCC) version 13.2.1 20230801 (x86_64-pc-linux-gnu)
	compiled by GNU C version 13.2.1 20230801, GMP version 6.3.0, MPFR version 4.2.0-p12, MPC version 1.3.1, isl version isl-0.26-GMP

warning: MPFR header version 4.2.0-p12 differs from library version 4.2.1.
GGC heuristics: --param ggc-min-expand=100 --param ggc-min-heapsize=131072
ignoring nonexistent directory "/usr/lib/gcc/x86_64-pc-linux-gnu/13.2.1/../../../../x86_64-pc-linux-gnu/include"
#include "..." search starts here:
#include <...> search starts here:
 /usr/lib/gcc/x86_64-pc-linux-gnu/13.2.1/../../../../include/c++/13.2.1
 /usr/lib/gcc/x86_64-pc-linux-gnu/13.2.1/../../../../include/c++/13.2.1/x86_64-pc-linux-gnu
 /usr/lib/gcc/x86_64-pc-linux-gnu/13.2.1/../../../../include/c++/13.2.1/backward
 /usr/lib/gcc/x86_64-pc-linux-gnu/13.2.1/include
 /usr/local/include
 /usr/lib/gcc/x86_64-pc-linux-gnu/13.2.1/include-fixed
 /usr/include
End of search list.
Compiler executable checksum: 5a490a353c29b926850bca65a518c219
COLLECT_GCC_OPTIONS='-v' '-o' 'CMakeFiles/cmTC_e6f4a.dir/CMakeCXXCompilerABI.cpp.o' '-c' '-shared-libgcc' '-mtune=generic' '-march=x86-64' '-dumpdir' 'CMakeFiles/cmTC_e6f4a.dir/'
 as -v --64 -o CMakeFiles/cmTC_e6f4a.dir/CMakeCXXCompilerABI.cpp.o /tmp/ccWUdg8C.s
GNU assembler version 2.41.0 (x86_64-pc-linux-gnu) using BFD version (GNU Binutils) 2.41.0
COMPILER_PATH=/usr/lib/gcc/x86_64-pc-linux-gnu/13.2.1/:/usr/lib/gcc/x86_64-pc-linux-gnu/13.2.1/:/usr/lib/gcc/x86_64-pc-linux-gnu/:/usr/lib/gcc/x86_64-pc-linux-gnu/13.2.1/:/usr/lib/gcc/x86_64-pc-linux-gnu/
LIBRARY_PATH=/usr/lib/gcc/x86_64-pc-linux-gnu/13.2.1/:/usr/lib/gcc/x86_64-pc-linux-gnu/13.2.1/../../../../lib/:/lib/../lib/:/usr/lib/../lib/:/usr/lib/gcc/x86_64-pc-linux-gnu/13.2.1/../../../:/lib/:/usr/lib/
COLLECT_GCC_OPTIONS='-v' '-o' 'CMakeFiles/cmTC_e6f4a.dir/CMakeCXXCompilerABI.cpp.o' '-c' '-shared-libgcc' '-mtune=generic' '-march=x86-64' '-dumpdir' 'CMakeFiles/cmTC_e6f4a.dir/CMakeCXXCompilerABI.cpp.'
Linking CXX executable cmTC_e6f4a
/home/afreet/anaconda3/lib/python3.10/site-packages/cmake/data/bin/cmake -E cmake_link_script CMakeFiles/cmTC_e6f4a.dir/link.txt --verbose=1
/usr/bin/c++  -v -rdynamic CMakeFiles/cmTC_e6f4a.dir/CMakeCXXCompilerABI.cpp.o -o cmTC_e6f4a 
Using built-in specs.
COLLECT_GCC=/usr/bin/c++
COLLECT_LTO_WRAPPER=/usr/lib/gcc/x86_64-pc-linux-gnu/13.2.1/lto-wrapper
Target: x86_64-pc-linux-gnu
Configured with: /build/gcc/src/gcc/configure --enable-languages=ada,c,c++,d,fortran,go,lto,objc,obj-c++ --enable-bootstrap --prefix=/usr --libdir=/usr/lib --libexecdir=/usr/lib --mandir=/usr/share/man --infodir=/usr/share/info --with-bugurl=https://bugs.archlinux.org/ --with-build-config=bootstrap-lto --with-linker-hash-style=gnu --with-system-zlib --enable-__cxa_atexit --enable-cet=auto --enable-checking=release --enable-clocale=gnu --enable-default-pie --enable-default-ssp --enable-gnu-indirect-function --enable-gnu-unique-object --enable-libstdcxx-backtrace --enable-link-serialization=1 --enable-linker-build-id --enable-lto --enable-multilib --enable-plugin --enable-shared --enable-threads=posix --disable-libssp --disable-libstdcxx-pch --disable-werror
Thread model: posix
Supported LTO compression algorithms: zlib zstd
gcc version 13.2.1 20230801 (GCC) 
COMPILER_PATH=/usr/lib/gcc/x86_64-pc-linux-gnu/13.2.1/:/usr/lib/gcc/x86_64-pc-linux-gnu/13.2.1/:/usr/lib/gcc/x86_64-pc-linux-gnu/:/usr/lib/gcc/x86_64-pc-linux-gnu/13.2.1/:/usr/lib/gcc/x86_64-pc-linux-gnu/
LIBRARY_PATH=/usr/lib/gcc/x86_64-pc-linux-gnu/13.2.1/:/usr/lib/gcc/x86_64-pc-linux-gnu/13.2.1/../../../../lib/:/lib/../lib/:/usr/lib/../lib/:/usr/lib/gcc/x86_64-pc-linux-gnu/13.2.1/../../../:/lib/:/usr/lib/
COLLECT_GCC_OPTIONS='-v' '-rdynamic' '-o' 'cmTC_e6f4a' '-shared-libgcc' '-mtune=generic' '-march=x86-64' '-dumpdir' 'cmTC_e6f4a.'
 /usr/lib/gcc/x86_64-pc-linux-gnu/13.2.1/collect2 -plugin /usr/lib/gcc/x86_64-pc-linux-gnu/13.2.1/liblto_plugin.so -plugin-opt=/usr/lib/gcc/x86_64-pc-linux-gnu/13.2.1/lto-wrapper -plugin-opt=-fresolution=/tmp/ccs9onWW.res -plugin-opt=-pass-through=-lgcc_s -plugin-opt=-pass-through=-lgcc -plugin-opt=-pass-through=-lc -plugin-opt=-pass-through=-lgcc_s -plugin-opt=-pass-through=-lgcc --build-id --eh-frame-hdr --hash-style=gnu -m elf_x86_64 -export-dynamic -dynamic-linker /lib64/ld-linux-x86-64.so.2 -pie -o cmTC_e6f4a /usr/lib/gcc/x86_64-pc-linux-gnu/13.2.1/../../../../lib/Scrt1.o /usr/lib/gcc/x86_64-pc-linux-gnu/13.2.1/../../../../lib/crti.o /usr/lib/gcc/x86_64-pc-linux-gnu/13.2.1/crtbeginS.o -L/usr/lib/gcc/x86_64-pc-linux-gnu/13.2.1 -L/usr/lib/gcc/x86_64-pc-linux-gnu/13.2.1/../../../../lib -L/lib/../lib -L/usr/lib/../lib -L/usr/lib/gcc/x86_64-pc-linux-gnu/13.2.1/../../.. CMakeFiles/cmTC_e6f4a.dir/CMakeCXXCompilerABI.cpp.o -lstdc++ -lm -lgcc_s -lgcc -lc -lgcc_s -lgcc /usr/lib/gcc/x86_64-pc-linux-gnu/13.2.1/crtendS.o /usr/lib/gcc/x86_64-pc-linux-gnu/13.2.1/../../../../lib/crtn.o
COLLECT_GCC_OPTIONS='-v' '-rdynamic' '-o' 'cmTC_e6f4a' '-shared-libgcc' '-mtune=generic' '-march=x86-64' '-dumpdir' 'cmTC_e6f4a.'
make[1]: Leaving directory '/run/media/afreet/D/Codes/Base/build/CMakeFiles/CMakeScratch/TryCompile-r1kdTV'



Parsed CXX implicit include dir info from above output: rv=done
  found start of include info
  found start of implicit include info
    add: [/usr/lib/gcc/x86_64-pc-linux-gnu/13.2.1/../../../../include/c++/13.2.1]
    add: [/usr/lib/gcc/x86_64-pc-linux-gnu/13.2.1/../../../../include/c++/13.2.1/x86_64-pc-linux-gnu]
    add: [/usr/lib/gcc/x86_64-pc-linux-gnu/13.2.1/../../../../include/c++/13.2.1/backward]
    add: [/usr/lib/gcc/x86_64-pc-linux-gnu/13.2.1/include]
    add: [/usr/local/include]
    add: [/usr/lib/gcc/x86_64-pc-linux-gnu/13.2.1/include-fixed]
    add: [/usr/include]
  end of search list found
  collapse include dir [/usr/lib/gcc/x86_64-pc-linux-gnu/13.2.1/../../../../include/c++/13.2.1] ==> [/usr/include/c++/13.2.1]
  collapse include dir [/usr/lib/gcc/x86_64-pc-linux-gnu/13.2.1/../../../../include/c++/13.2.1/x86_64-pc-linux-gnu] ==> [/usr/include/c++/13.2.1/x86_64-pc-linux-gnu]
  collapse include dir [/usr/lib/gcc/x86_64-pc-linux-gnu/13.2.1/../../../../include/c++/13.2.1/backward] ==> [/usr/include/c++/13.2.1/backward]
  collapse include dir [/usr/lib/gcc/x86_64-pc-linux-gnu/13.2.1/include] ==> [/usr/lib/gcc/x86_64-pc-linux-gnu/13.2.1/include]
  collapse include dir [/usr/local/include] ==> [/usr/local/include]
  collapse include dir [/usr/lib/gcc/x86_64-pc-linux-gnu/13.2.1/include-fixed] ==> [/usr/lib/gcc/x86_64-pc-linux-gnu/13.2.1/include-fixed]
  collapse include dir [/usr/include] ==> [/usr/include]
  implicit include dirs: [/usr/include/c++/13.2.1;/usr/include/c++/13.2.1/x86_64-pc-linux-gnu;/usr/include/c++/13.2.1/backward;/usr/lib/gcc/x86_64-pc-linux-gnu/13.2.1/include;/usr/local/include;/usr/lib/gcc/x86_64-pc-linux-gnu/13.2.1/include-fixed;/usr/include]


Parsed CXX implicit link information from above output:
  link line regex: [^( *|.*[/\])(ld|CMAKE_LINK_STARTFILE-NOTFOUND|([^/\]+-)?ld|collect2)[^/\]*( |$)]
  ignore line: [Change Dir: /run/media/afreet/D/Codes/Base/build/CMakeFiles/CMakeScratch/TryCompile-r1kdTV]
  ignore line: []
  ignore line: [Run Build Command(s):/usr/bin/make -f Makefile cmTC_e6f4a/fast && /usr/bin/make  -f CMakeFiles/cmTC_e6f4a.dir/build.make CMakeFiles/cmTC_e6f4a.dir/build]
  ignore line: [make[1]: Entering directory '/run/media/afreet/D/Codes/Base/build/CMakeFiles/CMakeScratch/TryCompile-r1kdTV']
  ignore line: [Building CXX object CMakeFiles/cmTC_e6f4a.dir/CMakeCXXCompilerABI.cpp.o]
  ignore line: [/usr/bin/c++   -v -o CMakeFiles/cmTC_e6f4a.dir/CMakeCXXCompilerABI.cpp.o -c /home/afreet/anaconda3/lib/python3.10/site-packages/cmake/data/share/cmake-3.25/Modules/CMakeCXXCompilerABI.cpp]
  ignore line: [Using built-in specs.]
  ignore line: [COLLECT_GCC=/usr/bin/c++]
  ignore line: [Target: x86_64-pc-linux-gnu]
  ignore line: [Configured with: /build/gcc/src/gcc/configure --enable-languages=ada c c++ d fortran go lto objc obj-c++ --enable-bootstrap --prefix=/usr --libdir=/usr/lib --libexecdir=/usr/lib --mandir=/usr/share/man --infodir=/usr/share/info --with-bugurl=https://bugs.archlinux.org/ --with-build-config=bootstrap-lto --with-linker-hash-style=gnu --with-system-zlib --enable-__cxa_atexit --enable-cet=auto --enable-checking=release --enable-clocale=gnu --enable-default-pie --enable-default-ssp --enable-gnu-indirect-function --enable-gnu-unique-object --enable-libstdcxx-backtrace --enable-link-serialization=1 --enable-linker-build-id --enable-lto --enable-multilib --enable-plugin --enable-shared --enable-threads=posix --disable-libssp --disable-libstdcxx-pch --disable-werror]
  ignore line: [Thread model: posix]
  ignore line: [Supported LTO compression algorithms: zlib zstd]
  ignore line: [gcc version 13.2.1 20230801 (GCC) ]
  ignore line: [COLLECT_GCC_OPTIONS='-v' '-o' 'CMakeFiles/cmTC_e6f4a.dir/CMakeCXXCompilerABI.cpp.o' '-c' '-shared-libgcc' '-mtune=generic' '-march=x86-64' '-dumpdir' 'CMakeFiles/cmTC_e6f4a.dir/']
  ignore line: [ /usr/lib/gcc/x86_64-pc-linux-gnu/13.2.1/cc1plus -quiet -v -D_GNU_SOURCE /home/afreet/anaconda3/lib/python3.10/site-packages/cmake/data/share/cmake-3.25/Modules/CMakeCXXCompilerABI.cpp -quiet -dumpdir CMakeFiles/cmTC_e6f4a.dir/ -dumpbase CMakeCXXCompilerABI.cpp.cpp -dumpbase-ext .cpp -mtune=generic -march=x86-64 -version -o /tmp/ccWUdg8C.s]
  ignore line: [GNU C++17 (GCC) version 13.2.1 20230801 (x86_64-pc-linux-gnu)]
  ignore line: [	compiled by GNU C version 13.2.1 20230801  GMP version 6.3.0  MPFR version 4.2.0-p12  MPC version 1.3.1  isl version isl-0.26-GMP]
  ignore line: []
  ignore line: [warning: MPFR header version 4.2.0-p12 differs from library version 4.2.1.]
  ignore line: [GGC heuristics: --param ggc-min-expand=100 --param ggc-min-heapsize=131072]
  ignore line: [ignoring nonexistent directory "/usr/lib/gcc/x86_64-pc-linux-gnu/13.2.1/../../../../x86_64-pc-linux-gnu/include"]
  ignore line: [#include "..." search starts here:]
  ignore line: [#include <...> search starts here:]
  ignore line: [ /usr/lib/gcc/x86_64-pc-linux-gnu/13.2.1/../../../../include/c++/13.2.1]
  ignore line: [ /usr/lib/gcc/x86_64-pc-linux-gnu/13.2.1/../../../../include/c++/13.2.1/x86_64-pc-linux-gnu]
  ignore line: [ /usr/lib/gcc/x86_64-pc-linux-gnu/13.2.1/../../../../include/c++/13.2.1/backward]
  ignore line: [ /usr/lib/gcc/x86_64-pc-linux-gnu/13.2.1/include]
  ignore line: [ /usr/local/include]
  ignore line: [ /usr/lib/gcc/x86_64-pc-linux-gnu/13.2.1/include-fixed]
  ignore line: [ /usr/include]
  ignore line: [End of search list.]
  ignore line: [Compiler executable checksum: 5a490a353c29b926850bca65a518c219]
  ignore line: [COLLECT_GCC_OPTIONS='-v' '-o' 'CMakeFiles/cmTC_e6f4a.dir/CMakeCXXCompilerABI.cpp.o' '-c' '-shared-libgcc' '-mtune=generic' '-march=x86-64' '-dumpdir' 'CMakeFiles/cmTC_e6f4a.dir/']
  ignore line: [ as -v --64 -o CMakeFiles/cmTC_e6f4a.dir/CMakeCXXCompilerABI.cpp.o /tmp/ccWUdg8C.s]
  ignore line: [GNU assembler version 2.41.0 (x86_64-pc-linux-gnu) using BFD version (GNU Binutils) 2.41.0]
  ignore line: [COMPILER_PATH=/usr/lib/gcc/x86_64-pc-linux-gnu/13.2.1/:/usr/lib/gcc/x86_64-pc-linux-gnu/13.2.1/:/usr/lib/gcc/x86_64-pc-linux-gnu/:/usr/lib/gcc/x86_64-pc-linux-gnu/13.2.1/:/usr/lib/gcc/x86_64-pc-linux-gnu/]
  ignore line: [LIBRARY_PATH=/usr/lib/gcc/x86_64-pc-linux-gnu/13.2.1/:/usr/lib/gcc/x86_64-pc-linux-gnu/13.2.1/../../../../lib/:/lib/../lib/:/usr/lib/../lib/:/usr/lib/gcc/x86_64-pc-linux-gnu/13.2.1/../../../:/lib/:/usr/lib/]
  ignore line: [COLLECT_GCC_OPTIONS='-v' '-o' 'CMakeFiles/cmTC_e6f4a.dir/CMakeCXXCompilerABI.cpp.o' '-c' '-shared-libgcc' '-mtune=generic' '-march=x86-64' '-dumpdir' 'CMakeFiles/cmTC_e6f4a.dir/CMakeCXXCompilerABI.cpp.']
  ignore line: [Linking CXX executable cmTC_e6f4a]
  ignore line: [/home/afreet/anaconda3/lib/python3.10/site-packages/cmake/data/bin/cmake -E cmake_link_script CMakeFiles/cmTC_e6f4a.dir/link.txt --verbose=1]
  ignore line: [/usr/bin/c++  -v -rdynamic CMakeFiles/cmTC_e6f4a.dir/CMakeCXXCompilerABI.cpp.o -o cmTC_e6f4a ]
  ignore line: [Using built-in specs.]
  ignore line: [COLLECT_GCC=/usr/bin/c++]
  ignore line: [COLLECT_LTO_WRAPPER=/usr/lib/gcc/x86_64-pc-linux-gnu/13.2.1/lto-wrapper]
  ignore line: [Target: x86_64-pc-linux-gnu]
  ignore line: [Configured with: /build/gcc/src/gcc/configure --enable-languages=ada c c++ d fortran go lto objc obj-c++ --enable-bootstrap --prefix=/usr --libdir=/usr/lib --libexecdir=/usr/lib --mandir=/usr/share/man --infodir=/usr/share/info --with-bugurl=https://bugs.archlinux.org/ --with-build-config=bootstrap-lto --with-linker-hash-style=gnu --with-system-zlib --enable-__cxa_atexit --enable-cet=auto --enable-checking=release --enable-clocale=gnu --enable-default-pie --enable-default-ssp --enable-gnu-indirect-function --enable-gnu-unique-object --enable-libstdcxx-backtrace --enable-link-serialization=1 --enable-linker-build-id --enable-lto --enable-multilib --enable-plugin --enable-shared --enable-threads=posix --disable-libssp --disable-libstdcxx-pch --disable-werror]
  ignore line: [Thread model: posix]
  ignore line: [Supported LTO compression algorithms: zlib zstd]
  ignore line: [gcc version 13.2.1 20230801 (GCC) ]
  ignore line: [COMPILER_PATH=/usr/lib/gcc/x86_64-pc-linux-gnu/13.2.1/:/usr/lib/gcc/x86_64-pc-linux-gnu/13.2.1/:/usr/lib/gcc/x86_64-pc-linux-gnu/:/usr/lib/gcc/x86_64-pc-linux-gnu/13.2.1/:/usr/lib/gcc/x86_64-pc-linux-gnu/]
  ignore line: [LIBRARY_PATH=/usr/lib/gcc/x86_64-pc-linux-gnu/13.2.1/:/usr/lib/gcc/x86_64-pc-linux-gnu/13.2.1/../../../../lib/:/lib/../lib/:/usr/lib/../lib/:/usr/lib/gcc/x86_64-pc-linux-gnu/13.2.1/../../../:/lib/:/usr/lib/]
  ignore line: [COLLECT_GCC_OPTIONS='-v' '-rdynamic' '-o' 'cmTC_e6f4a' '-shared-libgcc' '-mtune=generic' '-march=x86-64' '-dumpdir' 'cmTC_e6f4a.']
  link line: [ /usr/lib/gcc/x86_64-pc-linux-gnu/13.2.1/collect2 -plugin /usr/lib/gcc/x86_64-pc-linux-gnu/13.2.1/liblto_plugin.so -plugin-opt=/usr/lib/gcc/x86_64-pc-linux-gnu/13.2.1/lto-wrapper -plugin-opt=-fresolution=/tmp/ccs9onWW.res -plugin-opt=-pass-through=-lgcc_s -plugin-opt=-pass-through=-lgcc -plugin-opt=-pass-through=-lc -plugin-opt=-pass-through=-lgcc_s -plugin-opt=-pass-through=-lgcc --build-id --eh-frame-hdr --hash-style=gnu -m elf_x86_64 -export-dynamic -dynamic-linker /lib64/ld-linux-x86-64.so.2 -pie -o cmTC_e6f4a /usr/lib/gcc/x86_64-pc-linux-gnu/13.2.1/../../../../lib/Scrt1.o /usr/lib/gcc/x86_64-pc-linux-gnu/13.2.1/../../../../lib/crti.o /usr/lib/gcc/x86_64-pc-linux-gnu/13.2.1/crtbeginS.o -L/usr/lib/gcc/x86_64-pc-linux-gnu/13.2.1 -L/usr/lib/gcc/x86_64-pc-linux-gnu/13.2.1/../../../../lib -L/lib/../lib -L/usr/lib/../lib -L/usr/lib/gcc/x86_64-pc-linux-gnu/13.2.1/../../.. CMakeFiles/cmTC_e6f4a.dir/CMakeCXXCompilerABI.cpp.o -lstdc++ -lm -lgcc_s -lgcc -lc -lgcc_s -lgcc /usr/lib/gcc/x86_64-pc-linux-gnu/13.2.1/crtendS.o /usr/lib/gcc/x86_64-pc-linux-gnu/13.2.1/../../../../lib/crtn.o]
    arg [/usr/lib/gcc/x86_64-pc-linux-gnu/13.2.1/collect2] ==> ignore
    arg [-plugin] ==> ignore
    arg [/usr/lib/gcc/x86_64-pc-linux-gnu/13.2.1/liblto_plugin.so] ==> ignore
    arg [-plugin-opt=/usr/lib/gcc/x86_64-pc-linux-gnu/13.2.1/lto-wrapper] ==> ignore
    arg [-plugin-opt=-fresolution=/tmp/ccs9onWW.res] ==> ignore
    arg [-plugin-opt=-pass-through=-lgcc_s] ==> ignore
    arg [-plugin-opt=-pass-through=-lgcc] ==> ignore
    arg [-plugin-opt=-pass-through=-lc] ==> ignore
    arg [-plugin-opt=-pass-through=-lgcc_s] ==> ignore
    arg [-plugin-opt=-pass-through=-lgcc] ==> ignore
    arg [--build-id] ==> ignore
    arg [--eh-frame-hdr] ==> ignore
    arg [--hash-style=gnu] ==> ignore
    arg [-m] ==> ignore
    arg [elf_x86_64] ==> ignore
    arg [-export-dynamic] ==> ignore
    arg [-dynamic-linker] ==> ignore
    arg [/lib64/ld-linux-x86-64.so.2] ==> ignore
    arg [-pie] ==> ignore
    arg [-o] ==> ignore
    arg [cmTC_e6f4a] ==> ignore
    arg [/usr/lib/gcc/x86_64-pc-linux-gnu/13.2.1/../../../../lib/Scrt1.o] ==> obj [/usr/lib/gcc/x86_64-pc-linux-gnu/13.2.1/../../../../lib/Scrt1.o]
    arg [/usr/lib/gcc/x86_64-pc-linux-gnu/13.2.1/../../../../lib/crti.o] ==> obj [/usr/lib/gcc/x86_64-pc-linux-gnu/13.2.1/../../../../lib/crti.o]
    arg [/usr/lib/gcc/x86_64-pc-linux-gnu/13.2.1/crtbeginS.o] ==> obj [/usr/lib/gcc/x86_64-pc-linux-gnu/13.2.1/crtbeginS.o]
    arg [-L/usr/lib/gcc/x86_64-pc-linux-gnu/13.2.1] ==> dir [/usr/lib/gcc/x86_64-pc-linux-gnu/13.2.1]
    arg [-L/usr/lib/gcc/x86_64-pc-linux-gnu/13.2.1/../../../../lib] ==> dir [/usr/lib/gcc/x86_64-pc-linux-gnu/13.2.1/../../../../lib]
    arg [-L/lib/../lib] ==> dir [/lib/../lib]
    arg [-L/usr/lib/../lib] ==> dir [/usr/lib/../lib]
    arg [-L/usr/lib/gcc/x86_64-pc-linux-gnu/13.2.1/../../..] ==> dir [/usr/lib/gcc/x86_64-pc-linux-gnu/13.2.1/../../..]
    arg [CMakeFiles/cmTC_e6f4a.dir/CMakeCXXCompilerABI.cpp.o] ==> ignore
    arg [-lstdc++] ==> lib [stdc++]
    arg [-lm] ==> lib [m]
    arg [-lgcc_s] ==> lib [gcc_s]
    arg [-lgcc] ==> lib [gcc]
    arg [-lc] ==> lib [c]
    arg [-lgcc_s] ==> lib [gcc_s]
    arg [-lgcc] ==> lib [gcc]
    arg [/usr/lib/gcc/x86_64-pc-linux-gnu/13.2.1/crtendS.o] ==> obj [/usr/lib/gcc/x86_64-pc-linux-gnu/13.2.1/crtendS.o]
    arg [/usr/lib/gcc/x86_64-pc-linux-gnu/13.2.1/../../../../lib/crtn.o] ==> obj [/usr/lib/gcc/x86_64-pc-linux-gnu/13.2.1/../../../../lib/crtn.o]
  collapse obj [/usr/lib/gcc/x86_64-pc-linux-gnu/13.2.1/../../../../lib/Scrt1.o] ==> [/usr/lib/Scrt1.o]
  collapse obj [/usr/lib/gcc/x86_64-pc-linux-gnu/13.2.1/../../../../lib/crti.o] ==> [/usr/lib/crti.o]
  collapse obj [/usr/lib/gcc/x86_64-pc-linux-gnu/13.2.1/../../../../lib/crtn.o] ==> [/usr/lib/crtn.o]
  collapse library dir [/usr/lib/gcc/x86_64-pc-linux-gnu/13.2.1] ==> [/usr/lib/gcc/x86_64-pc-linux-gnu/13.2.1]
  collapse library dir [/usr/lib/gcc/x86_64-pc-linux-gnu/13.2.1/../../../../lib] ==> [/usr/lib]
  collapse library dir [/lib/../lib] ==> [/lib]
  collapse library dir [/usr/lib/../lib] ==> [/usr/lib]
  collapse library dir [/usr/lib/gcc/x86_64-pc-linux-gnu/13.2.1/../../..] ==> [/usr/lib]
  implicit libs: [stdc++;m;gcc_s;gcc;c;gcc_s;gcc]
  implicit objs: [/usr/lib/Scrt1.o;/usr/lib/crti.o;/usr/lib/gcc/x86_64-pc-linux-gnu/13.2.1/crtbeginS.o;/usr/lib/gcc/x86_64-pc-linux-gnu/13.2.1/crtendS.o;/usr/lib/crtn.o]
  implicit dirs: [/usr/lib/gcc/x86_64-pc-linux-gnu/13.2.1;/usr/lib;/lib]
  implicit fwks: []


Performing C SOURCE FILE Test CMAKE_HAVE_LIBC_PTHREAD succeeded with the following output:
Change Dir: /run/media/afreet/D/Codes/Base/build/CMakeFiles/CMakeScratch/TryCompile-EbcR72

Run Build Command(s):/usr/bin/make -f Makefile cmTC_2e4ab/fast && /usr/bin/make  -f CMakeFiles/cmTC_2e4ab.dir/build.make CMakeFiles/cmTC_2e4ab.dir/build
make[1]: Entering directory '/run/media/afreet/D/Codes/Base/build/CMakeFiles/CMakeScratch/TryCompile-EbcR72'
Building C object CMakeFiles/cmTC_2e4ab.dir/src.c.o
/usr/bin/cc -DCMAKE_HAVE_LIBC_PTHREAD   -o CMakeFiles/cmTC_2e4ab.dir/src.c.o -c /run/media/afreet/D/Codes/Base/build/CMakeFiles/CMakeScratch/TryCompile-EbcR72/src.c
Linking C executable cmTC_2e4ab
/home/afreet/anaconda3/lib/python3.10/site-packages/cmake/data/bin/cmake -E cmake_link_script CMakeFiles/cmTC_2e4ab.dir/link.txt --verbose=1
/usr/bin/cc CMakeFiles/cmTC_2e4ab.dir/src.c.o -o cmTC_2e4ab 
make[1]: Leaving directory '/run/media/afreet/D/Codes/Base/build/CMakeFiles/CMakeScratch/TryCompile-EbcR72'


Source file was:
#include <pthread.h>

static void* test_func(void* data)
{
  return data;
}

int main(void)
{
  pthread_t thread;
  pthread_create(&thread, NULL, test_func, NULL);
  pthread_detach(thread);
  pthread_cancel(thread);
  pthread_join(thread, NULL);
  pthread_atfork(NULL, NULL, NULL);
  pthread_exit(NULL);

  return 0;
}


Determining if the function XOpenDisplay exists in the /usr/lib/libX11.so;/usr/lib/libXext.so passed with the following output:
Change Dir: /run/media/afreet/D/Codes/Base/build/CMakeFiles/CMakeScratch/TryCompile-ljQ2nd

Run Build Command(s):/usr/bin/make -f Makefile cmTC_1b2e2/fast && /usr/bin/make  -f CMakeFiles/cmTC_1b2e2.dir/build.make CMakeFiles/cmTC_1b2e2.dir/build
make[1]: Entering directory '/run/media/afreet/D/Codes/Base/build/CMakeFiles/CMakeScratch/TryCompile-ljQ2nd'
Building C object CMakeFiles/cmTC_1b2e2.dir/CheckFunctionExists.c.o
/usr/bin/cc   -DCHECK_FUNCTION_EXISTS=XOpenDisplay -o CMakeFiles/cmTC_1b2e2.dir/CheckFunctionExists.c.o -c /run/media/afreet/D/Codes/Base/build/CMakeFiles/CMakeScratch/TryCompile-ljQ2nd/CheckFunctionExists.c
Linking C executable cmTC_1b2e2
/home/afreet/anaconda3/lib/python3.10/site-packages/cmake/data/bin/cmake -E cmake_link_script CMakeFiles/cmTC_1b2e2.dir/link.txt --verbose=1
/usr/bin/cc  -DCHECK_FUNCTION_EXISTS=XOpenDisplay CMakeFiles/cmTC_1b2e2.dir/CheckFunctionExists.c.o -o cmTC_1b2e2  /usr/lib/libX11.so /usr/lib/libXext.so 
make[1]: Leaving directory '/run/media/afreet/D/Codes/Base/build/CMakeFiles/CMakeScratch/TryCompile-ljQ2nd'



Determining if the function gethostbyname exists passed with the following output:
Change Dir: /run/media/afreet/D/Codes/Base/build/CMakeFiles/CMakeScratch/TryCompile-jgb3qO

Run Build Command(s):/usr/bin/make -f Makefile cmTC_b620d/fast && /usr/bin/make  -f CMakeFiles/cmTC_b620d.dir/build.make CMakeFiles/cmTC_b620d.dir/build
make[1]: Entering directory '/run/media/afreet/D/Codes/Base/build/CMakeFiles/CMakeScratch/TryCompile-jgb3qO'
Building C object CMakeFiles/cmTC_b620d.dir/CheckFunctionExists.c.o
/usr/bin/cc   -DCHECK_FUNCTION_EXISTS=gethostbyname -o CMakeFiles/cmTC_b620d.dir/CheckFunctionExists.c.o -c /run/media/afreet/D/Codes/Base/build/CMakeFiles/CMakeScratch/TryCompile-jgb3qO/CheckFunctionExists.c
Linking C executable cmTC_b620d
/home/afreet/anaconda3/lib/python3.10/site-packages/cmake/data/bin/cmake -E cmake_link_script CMakeFiles/cmTC_b620d.dir/link.txt --verbose=1
/usr/bin/cc  -DCHECK_FUNCTION_EXISTS=gethostbyname CMakeFiles/cmTC_b620d.dir/CheckFunctionExists.c.o -o cmTC_b620d 
make[1]: Leaving directory '/run/media/afreet/D/Codes/Base/build/CMakeFiles/CMakeScratch/TryCompile-jgb3qO'



Determining if the function connect exists passed with the following output:
Change Dir: /run/media/afreet/D/Codes/Base/build/CMakeFiles/CMakeScratch/TryCompile-6oN9zd

Run Build Command(s):/usr/bin/make -f Makefile cmTC_98669/fast && /usr/bin/make  -f CMakeFiles/cmTC_98669.dir/build.make CMakeFiles/cmTC_98669.dir/build
make[1]: Entering directory '/run/media/afreet/D/Codes/Base/build/CMakeFiles/CMakeScratch/TryCompile-6oN9zd'
Building C object CMakeFiles/cmTC_98669.dir/CheckFunctionExists.c.o
/usr/bin/cc   -DCHECK_FUNCTION_EXISTS=connect -o CMakeFiles/cmTC_98669.dir/CheckFunctionExists.c.o -c /run/media/afreet/D/Codes/Base/build/CMakeFiles/CMakeScratch/TryCompile-6oN9zd/CheckFunctionExists.c
Linking C executable cmTC_98669
/home/afreet/anaconda3/lib/python3.10/site-packages/cmake/data/bin/cmake -E cmake_link_script CMakeFiles/cmTC_98669.dir/link.txt --verbose=1
/usr/bin/cc  -DCHECK_FUNCTION_EXISTS=connect CMakeFiles/cmTC_98669.dir/CheckFunctionExists.c.o -o cmTC_98669 
make[1]: Leaving directory '/run/media/afreet/D/Codes/Base/build/CMakeFiles/CMakeScratch/TryCompile-6oN9zd'



Determining if the function remove exists passed with the following output:
Change Dir: /run/media/afreet/D/Codes/Base/build/CMakeFiles/CMakeScratch/TryCompile-LDim3O

Run Build Command(s):/usr/bin/make -f Makefile cmTC_fb687/fast && /usr/bin/make  -f CMakeFiles/cmTC_fb687.dir/build.make CMakeFiles/cmTC_fb687.dir/build
make[1]: Entering directory '/run/media/afreet/D/Codes/Base/build/CMakeFiles/CMakeScratch/TryCompile-LDim3O'
Building C object CMakeFiles/cmTC_fb687.dir/CheckFunctionExists.c.o
/usr/bin/cc   -DCHECK_FUNCTION_EXISTS=remove -o CMakeFiles/cmTC_fb687.dir/CheckFunctionExists.c.o -c /run/media/afreet/D/Codes/Base/build/CMakeFiles/CMakeScratch/TryCompile-LDim3O/CheckFunctionExists.c
Linking C executable cmTC_fb687
/home/afreet/anaconda3/lib/python3.10/site-packages/cmake/data/bin/cmake -E cmake_link_script CMakeFiles/cmTC_fb687.dir/link.txt --verbose=1
/usr/bin/cc  -DCHECK_FUNCTION_EXISTS=remove CMakeFiles/cmTC_fb687.dir/CheckFunctionExists.c.o -o cmTC_fb687 
make[1]: Leaving directory '/run/media/afreet/D/Codes/Base/build/CMakeFiles/CMakeScratch/TryCompile-LDim3O'



Determining if the function shmat exists passed with the following output:
Change Dir: /run/media/afreet/D/Codes/Base/build/CMakeFiles/CMakeScratch/TryCompile-3RMtYY

Run Build Command(s):/usr/bin/make -f Makefile cmTC_ac17e/fast && /usr/bin/make  -f CMakeFiles/cmTC_ac17e.dir/build.make CMakeFiles/cmTC_ac17e.dir/build
make[1]: Entering directory '/run/media/afreet/D/Codes/Base/build/CMakeFiles/CMakeScratch/TryCompile-3RMtYY'
Building C object CMakeFiles/cmTC_ac17e.dir/CheckFunctionExists.c.o
/usr/bin/cc   -DCHECK_FUNCTION_EXISTS=shmat -o CMakeFiles/cmTC_ac17e.dir/CheckFunctionExists.c.o -c /run/media/afreet/D/Codes/Base/build/CMakeFiles/CMakeScratch/TryCompile-3RMtYY/CheckFunctionExists.c
Linking C executable cmTC_ac17e
/home/afreet/anaconda3/lib/python3.10/site-packages/cmake/data/bin/cmake -E cmake_link_script CMakeFiles/cmTC_ac17e.dir/link.txt --verbose=1
/usr/bin/cc  -DCHECK_FUNCTION_EXISTS=shmat CMakeFiles/cmTC_ac17e.dir/CheckFunctionExists.c.o -o cmTC_ac17e 
make[1]: Leaving directory '/run/media/afreet/D/Codes/Base/build/CMakeFiles/CMakeScratch/TryCompile-3RMtYY'



Determining if the function IceConnectionNumber exists in the ICE passed with the following output:
Change Dir: /run/media/afreet/D/Codes/Base/build/CMakeFiles/CMakeScratch/TryCompile-tokgeh

Run Build Command(s):/usr/bin/make -f Makefile cmTC_2bbe5/fast && /usr/bin/make  -f CMakeFiles/cmTC_2bbe5.dir/build.make CMakeFiles/cmTC_2bbe5.dir/build
make[1]: Entering directory '/run/media/afreet/D/Codes/Base/build/CMakeFiles/CMakeScratch/TryCompile-tokgeh'
Building C object CMakeFiles/cmTC_2bbe5.dir/CheckFunctionExists.c.o
/usr/bin/cc   -DCHECK_FUNCTION_EXISTS=IceConnectionNumber -o CMakeFiles/cmTC_2bbe5.dir/CheckFunctionExists.c.o -c /run/media/afreet/D/Codes/Base/build/CMakeFiles/CMakeScratch/TryCompile-tokgeh/CheckFunctionExists.c
Linking C executable cmTC_2bbe5
/home/afreet/anaconda3/lib/python3.10/site-packages/cmake/data/bin/cmake -E cmake_link_script CMakeFiles/cmTC_2bbe5.dir/link.txt --verbose=1
/usr/bin/cc  -DCHECK_FUNCTION_EXISTS=IceConnectionNumber CMakeFiles/cmTC_2bbe5.dir/CheckFunctionExists.c.o -o cmTC_2bbe5  -lICE 
make[1]: Leaving directory '/run/media/afreet/D/Codes/Base/build/CMakeFiles/CMakeScratch/TryCompile-tokgeh'



Detecting C OpenMP compiler ABI info compiled with the following output:
Change Dir: /run/media/afreet/D/Codes/Base/build/CMakeFiles/CMakeScratch/TryCompile-8wQLcS

Run Build Command(s):/usr/bin/make -f Makefile cmTC_0f882/fast && /usr/bin/make  -f CMakeFiles/cmTC_0f882.dir/build.make CMakeFiles/cmTC_0f882.dir/build
make[1]: Entering directory '/run/media/afreet/D/Codes/Base/build/CMakeFiles/CMakeScratch/TryCompile-8wQLcS'
Building C object CMakeFiles/cmTC_0f882.dir/OpenMPTryFlag.c.o
/usr/bin/cc   -fopenmp -v -o CMakeFiles/cmTC_0f882.dir/OpenMPTryFlag.c.o -c /run/media/afreet/D/Codes/Base/build/CMakeFiles/CMakeScratch/TryCompile-8wQLcS/OpenMPTryFlag.c
Using built-in specs.
COLLECT_GCC=/usr/bin/cc
Target: x86_64-pc-linux-gnu
Configured with: /build/gcc/src/gcc/configure --enable-languages=ada,c,c++,d,fortran,go,lto,objc,obj-c++ --enable-bootstrap --prefix=/usr --libdir=/usr/lib --libexecdir=/usr/lib --mandir=/usr/share/man --infodir=/usr/share/info --with-bugurl=https://bugs.archlinux.org/ --with-build-config=bootstrap-lto --with-linker-hash-style=gnu --with-system-zlib --enable-__cxa_atexit --enable-cet=auto --enable-checking=release --enable-clocale=gnu --enable-default-pie --enable-default-ssp --enable-gnu-indirect-function --enable-gnu-unique-object --enable-libstdcxx-backtrace --enable-link-serialization=1 --enable-linker-build-id --enable-lto --enable-multilib --enable-plugin --enable-shared --enable-threads=posix --disable-libssp --disable-libstdcxx-pch --disable-werror
Thread model: posix
Supported LTO compression algorithms: zlib zstd
gcc version 13.2.1 20230801 (GCC) 
COLLECT_GCC_OPTIONS='-fopenmp' '-v' '-o' 'CMakeFiles/cmTC_0f882.dir/OpenMPTryFlag.c.o' '-c' '-mtune=generic' '-march=x86-64' '-pthread' '-dumpdir' 'CMakeFiles/cmTC_0f882.dir/'
 /usr/lib/gcc/x86_64-pc-linux-gnu/13.2.1/cc1 -quiet -v -D_REENTRANT /run/media/afreet/D/Codes/Base/build/CMakeFiles/CMakeScratch/TryCompile-8wQLcS/OpenMPTryFlag.c -quiet -dumpdir CMakeFiles/cmTC_0f882.dir/ -dumpbase OpenMPTryFlag.c.c -dumpbase-ext .c -mtune=generic -march=x86-64 -version -fopenmp -o /tmp/cc2Qtc0B.s
GNU C17 (GCC) version 13.2.1 20230801 (x86_64-pc-linux-gnu)
	compiled by GNU C version 13.2.1 20230801, GMP version 6.3.0, MPFR version 4.2.0-p12, MPC version 1.3.1, isl version isl-0.26-GMP

warning: MPFR header version 4.2.0-p12 differs from library version 4.2.1.
GGC heuristics: --param ggc-min-expand=100 --param ggc-min-heapsize=131072
ignoring nonexistent directory "/usr/lib/gcc/x86_64-pc-linux-gnu/13.2.1/../../../../x86_64-pc-linux-gnu/include"
#include "..." search starts here:
#include <...> search starts here:
 /usr/lib/gcc/x86_64-pc-linux-gnu/13.2.1/include
 /usr/local/include
 /usr/lib/gcc/x86_64-pc-linux-gnu/13.2.1/include-fixed
 /usr/include
End of search list.
Compiler executable checksum: 865c2688a4f1e3f13d6bf2cc8fd98762
COLLECT_GCC_OPTIONS='-fopenmp' '-v' '-o' 'CMakeFiles/cmTC_0f882.dir/OpenMPTryFlag.c.o' '-c' '-mtune=generic' '-march=x86-64' '-pthread' '-dumpdir' 'CMakeFiles/cmTC_0f882.dir/'
 as -v --64 -o CMakeFiles/cmTC_0f882.dir/OpenMPTryFlag.c.o /tmp/cc2Qtc0B.s
GNU assembler version 2.41.0 (x86_64-pc-linux-gnu) using BFD version (GNU Binutils) 2.41.0
COMPILER_PATH=/usr/lib/gcc/x86_64-pc-linux-gnu/13.2.1/:/usr/lib/gcc/x86_64-pc-linux-gnu/13.2.1/:/usr/lib/gcc/x86_64-pc-linux-gnu/:/usr/lib/gcc/x86_64-pc-linux-gnu/13.2.1/:/usr/lib/gcc/x86_64-pc-linux-gnu/
LIBRARY_PATH=/usr/lib/gcc/x86_64-pc-linux-gnu/13.2.1/:/usr/lib/gcc/x86_64-pc-linux-gnu/13.2.1/../../../../lib/:/lib/../lib/:/usr/lib/../lib/:/usr/lib/gcc/x86_64-pc-linux-gnu/13.2.1/../../../:/lib/:/usr/lib/
COLLECT_GCC_OPTIONS='-fopenmp' '-v' '-o' 'CMakeFiles/cmTC_0f882.dir/OpenMPTryFlag.c.o' '-c' '-mtune=generic' '-march=x86-64' '-pthread' '-dumpdir' 'CMakeFiles/cmTC_0f882.dir/OpenMPTryFlag.c.'
Linking C executable cmTC_0f882
/home/afreet/anaconda3/lib/python3.10/site-packages/cmake/data/bin/cmake -E cmake_link_script CMakeFiles/cmTC_0f882.dir/link.txt --verbose=1
/usr/bin/cc  -fopenmp -v -rdynamic CMakeFiles/cmTC_0f882.dir/OpenMPTryFlag.c.o -o cmTC_0f882  -v 
Using built-in specs.
COLLECT_GCC=/usr/bin/cc
COLLECT_LTO_WRAPPER=/usr/lib/gcc/x86_64-pc-linux-gnu/13.2.1/lto-wrapper
Target: x86_64-pc-linux-gnu
Configured with: /build/gcc/src/gcc/configure --enable-languages=ada,c,c++,d,fortran,go,lto,objc,obj-c++ --enable-bootstrap --prefix=/usr --libdir=/usr/lib --libexecdir=/usr/lib --mandir=/usr/share/man --infodir=/usr/share/info --with-bugurl=https://bugs.archlinux.org/ --with-build-config=bootstrap-lto --with-linker-hash-style=gnu --with-system-zlib --enable-__cxa_atexit --enable-cet=auto --enable-checking=release --enable-clocale=gnu --enable-default-pie --enable-default-ssp --enable-gnu-indirect-function --enable-gnu-unique-object --enable-libstdcxx-backtrace --enable-link-serialization=1 --enable-linker-build-id --enable-lto --enable-multilib --enable-plugin --enable-shared --enable-threads=posix --disable-libssp --disable-libstdcxx-pch --disable-werror
Thread model: posix
Supported LTO compression algorithms: zlib zstd
gcc version 13.2.1 20230801 (GCC) 
COMPILER_PATH=/usr/lib/gcc/x86_64-pc-linux-gnu/13.2.1/:/usr/lib/gcc/x86_64-pc-linux-gnu/13.2.1/:/usr/lib/gcc/x86_64-pc-linux-gnu/:/usr/lib/gcc/x86_64-pc-linux-gnu/13.2.1/:/usr/lib/gcc/x86_64-pc-linux-gnu/
LIBRARY_PATH=/usr/lib/gcc/x86_64-pc-linux-gnu/13.2.1/:/usr/lib/gcc/x86_64-pc-linux-gnu/13.2.1/../../../../lib/:/lib/../lib/:/usr/lib/../lib/:/usr/lib/gcc/x86_64-pc-linux-gnu/13.2.1/../../../:/lib/:/usr/lib/
Reading specs from /usr/lib/gcc/x86_64-pc-linux-gnu/13.2.1/../../../../lib/libgomp.spec
COLLECT_GCC_OPTIONS='-fopenmp' '-v' '-rdynamic' '-o' 'cmTC_0f882' '-v' '-mtune=generic' '-march=x86-64' '-pthread' '-dumpdir' 'cmTC_0f882.'
 /usr/lib/gcc/x86_64-pc-linux-gnu/13.2.1/collect2 -plugin /usr/lib/gcc/x86_64-pc-linux-gnu/13.2.1/liblto_plugin.so -plugin-opt=/usr/lib/gcc/x86_64-pc-linux-gnu/13.2.1/lto-wrapper -plugin-opt=-fresolution=/tmp/ccpgAN1M.res -plugin-opt=-pass-through=-lgcc -plugin-opt=-pass-through=-lgcc_s -plugin-opt=-pass-through=-lpthread -plugin-opt=-pass-through=-lc -plugin-opt=-pass-through=-lgcc -plugin-opt=-pass-through=-lgcc_s --build-id --eh-frame-hdr --hash-style=gnu -m elf_x86_64 -export-dynamic -dynamic-linker /lib64/ld-linux-x86-64.so.2 -pie -o cmTC_0f882 /usr/lib/gcc/x86_64-pc-linux-gnu/13.2.1/../../../../lib/Scrt1.o /usr/lib/gcc/x86_64-pc-linux-gnu/13.2.1/../../../../lib/crti.o /usr/lib/gcc/x86_64-pc-linux-gnu/13.2.1/crtbeginS.o -L/usr/lib/gcc/x86_64-pc-linux-gnu/13.2.1 -L/usr/lib/gcc/x86_64-pc-linux-gnu/13.2.1/../../../../lib -L/lib/../lib -L/usr/lib/../lib -L/usr/lib/gcc/x86_64-pc-linux-gnu/13.2.1/../../.. CMakeFiles/cmTC_0f882.dir/OpenMPTryFlag.c.o -lgomp -lgcc --push-state --as-needed -lgcc_s --pop-state -lpthread -lc -lgcc --push-state --as-needed -lgcc_s --pop-state /usr/lib/gcc/x86_64-pc-linux-gnu/13.2.1/crtendS.o /usr/lib/gcc/x86_64-pc-linux-gnu/13.2.1/../../../../lib/crtn.o
COLLECT_GCC_OPTIONS='-fopenmp' '-v' '-rdynamic' '-o' 'cmTC_0f882' '-v' '-mtune=generic' '-march=x86-64' '-pthread' '-dumpdir' 'cmTC_0f882.'
make[1]: Leaving directory '/run/media/afreet/D/Codes/Base/build/CMakeFiles/CMakeScratch/TryCompile-8wQLcS'



Parsed C OpenMP implicit link information from above output:
  link line regex: [^( *|.*[/\])(ld|CMAKE_LINK_STARTFILE-NOTFOUND|([^/\]+-)?ld|collect2)[^/\]*( |$)]
  ignore line: [Change Dir: /run/media/afreet/D/Codes/Base/build/CMakeFiles/CMakeScratch/TryCompile-8wQLcS]
  ignore line: []
  ignore line: [Run Build Command(s):/usr/bin/make -f Makefile cmTC_0f882/fast && /usr/bin/make  -f CMakeFiles/cmTC_0f882.dir/build.make CMakeFiles/cmTC_0f882.dir/build]
  ignore line: [make[1]: Entering directory '/run/media/afreet/D/Codes/Base/build/CMakeFiles/CMakeScratch/TryCompile-8wQLcS']
  ignore line: [Building C object CMakeFiles/cmTC_0f882.dir/OpenMPTryFlag.c.o]
  ignore line: [/usr/bin/cc   -fopenmp -v -o CMakeFiles/cmTC_0f882.dir/OpenMPTryFlag.c.o -c /run/media/afreet/D/Codes/Base/build/CMakeFiles/CMakeScratch/TryCompile-8wQLcS/OpenMPTryFlag.c]
  ignore line: [Using built-in specs.]
  ignore line: [COLLECT_GCC=/usr/bin/cc]
  ignore line: [Target: x86_64-pc-linux-gnu]
  ignore line: [Configured with: /build/gcc/src/gcc/configure --enable-languages=ada c c++ d fortran go lto objc obj-c++ --enable-bootstrap --prefix=/usr --libdir=/usr/lib --libexecdir=/usr/lib --mandir=/usr/share/man --infodir=/usr/share/info --with-bugurl=https://bugs.archlinux.org/ --with-build-config=bootstrap-lto --with-linker-hash-style=gnu --with-system-zlib --enable-__cxa_atexit --enable-cet=auto --enable-checking=release --enable-clocale=gnu --enable-default-pie --enable-default-ssp --enable-gnu-indirect-function --enable-gnu-unique-object --enable-libstdcxx-backtrace --enable-link-serialization=1 --enable-linker-build-id --enable-lto --enable-multilib --enable-plugin --enable-shared --enable-threads=posix --disable-libssp --disable-libstdcxx-pch --disable-werror]
  ignore line: [Thread model: posix]
  ignore line: [Supported LTO compression algorithms: zlib zstd]
  ignore line: [gcc version 13.2.1 20230801 (GCC) ]
  ignore line: [COLLECT_GCC_OPTIONS='-fopenmp' '-v' '-o' 'CMakeFiles/cmTC_0f882.dir/OpenMPTryFlag.c.o' '-c' '-mtune=generic' '-march=x86-64' '-pthread' '-dumpdir' 'CMakeFiles/cmTC_0f882.dir/']
  ignore line: [ /usr/lib/gcc/x86_64-pc-linux-gnu/13.2.1/cc1 -quiet -v -D_REENTRANT /run/media/afreet/D/Codes/Base/build/CMakeFiles/CMakeScratch/TryCompile-8wQLcS/OpenMPTryFlag.c -quiet -dumpdir CMakeFiles/cmTC_0f882.dir/ -dumpbase OpenMPTryFlag.c.c -dumpbase-ext .c -mtune=generic -march=x86-64 -version -fopenmp -o /tmp/cc2Qtc0B.s]
  ignore line: [GNU C17 (GCC) version 13.2.1 20230801 (x86_64-pc-linux-gnu)]
  ignore line: [	compiled by GNU C version 13.2.1 20230801  GMP version 6.3.0  MPFR version 4.2.0-p12  MPC version 1.3.1  isl version isl-0.26-GMP]
  ignore line: []
  ignore line: [warning: MPFR header version 4.2.0-p12 differs from library version 4.2.1.]
  ignore line: [GGC heuristics: --param ggc-min-expand=100 --param ggc-min-heapsize=131072]
  ignore line: [ignoring nonexistent directory "/usr/lib/gcc/x86_64-pc-linux-gnu/13.2.1/../../../../x86_64-pc-linux-gnu/include"]
  ignore line: [#include "..." search starts here:]
  ignore line: [#include <...> search starts here:]
  ignore line: [ /usr/lib/gcc/x86_64-pc-linux-gnu/13.2.1/include]
  ignore line: [ /usr/local/include]
  ignore line: [ /usr/lib/gcc/x86_64-pc-linux-gnu/13.2.1/include-fixed]
  ignore line: [ /usr/include]
  ignore line: [End of search list.]
  ignore line: [Compiler executable checksum: 865c2688a4f1e3f13d6bf2cc8fd98762]
  ignore line: [COLLECT_GCC_OPTIONS='-fopenmp' '-v' '-o' 'CMakeFiles/cmTC_0f882.dir/OpenMPTryFlag.c.o' '-c' '-mtune=generic' '-march=x86-64' '-pthread' '-dumpdir' 'CMakeFiles/cmTC_0f882.dir/']
  ignore line: [ as -v --64 -o CMakeFiles/cmTC_0f882.dir/OpenMPTryFlag.c.o /tmp/cc2Qtc0B.s]
  ignore line: [GNU assembler version 2.41.0 (x86_64-pc-linux-gnu) using BFD version (GNU Binutils) 2.41.0]
  ignore line: [COMPILER_PATH=/usr/lib/gcc/x86_64-pc-linux-gnu/13.2.1/:/usr/lib/gcc/x86_64-pc-linux-gnu/13.2.1/:/usr/lib/gcc/x86_64-pc-linux-gnu/:/usr/lib/gcc/x86_64-pc-linux-gnu/13.2.1/:/usr/lib/gcc/x86_64-pc-linux-gnu/]
  ignore line: [LIBRARY_PATH=/usr/lib/gcc/x86_64-pc-linux-gnu/13.2.1/:/usr/lib/gcc/x86_64-pc-linux-gnu/13.2.1/../../../../lib/:/lib/../lib/:/usr/lib/../lib/:/usr/lib/gcc/x86_64-pc-linux-gnu/13.2.1/../../../:/lib/:/usr/lib/]
  ignore line: [COLLECT_GCC_OPTIONS='-fopenmp' '-v' '-o' 'CMakeFiles/cmTC_0f882.dir/OpenMPTryFlag.c.o' '-c' '-mtune=generic' '-march=x86-64' '-pthread' '-dumpdir' 'CMakeFiles/cmTC_0f882.dir/OpenMPTryFlag.c.']
  ignore line: [Linking C executable cmTC_0f882]
  ignore line: [/home/afreet/anaconda3/lib/python3.10/site-packages/cmake/data/bin/cmake -E cmake_link_script CMakeFiles/cmTC_0f882.dir/link.txt --verbose=1]
  ignore line: [/usr/bin/cc  -fopenmp -v -rdynamic CMakeFiles/cmTC_0f882.dir/OpenMPTryFlag.c.o -o cmTC_0f882  -v ]
  ignore line: [Using built-in specs.]
  ignore line: [COLLECT_GCC=/usr/bin/cc]
  ignore line: [COLLECT_LTO_WRAPPER=/usr/lib/gcc/x86_64-pc-linux-gnu/13.2.1/lto-wrapper]
  ignore line: [Target: x86_64-pc-linux-gnu]
  ignore line: [Configured with: /build/gcc/src/gcc/configure --enable-languages=ada c c++ d fortran go lto objc obj-c++ --enable-bootstrap --prefix=/usr --libdir=/usr/lib --libexecdir=/usr/lib --mandir=/usr/share/man --infodir=/usr/share/info --with-bugurl=https://bugs.archlinux.org/ --with-build-config=bootstrap-lto --with-linker-hash-style=gnu --with-system-zlib --enable-__cxa_atexit --enable-cet=auto --enable-checking=release --enable-clocale=gnu --enable-default-pie --enable-default-ssp --enable-gnu-indirect-function --enable-gnu-unique-object --enable-libstdcxx-backtrace --enable-link-serialization=1 --enable-linker-build-id --enable-lto --enable-multilib --enable-plugin --enable-shared --enable-threads=posix --disable-libssp --disable-libstdcxx-pch --disable-werror]
  ignore line: [Thread model: posix]
  ignore line: [Supported LTO compression algorithms: zlib zstd]
  ignore line: [gcc version 13.2.1 20230801 (GCC) ]
  ignore line: [COMPILER_PATH=/usr/lib/gcc/x86_64-pc-linux-gnu/13.2.1/:/usr/lib/gcc/x86_64-pc-linux-gnu/13.2.1/:/usr/lib/gcc/x86_64-pc-linux-gnu/:/usr/lib/gcc/x86_64-pc-linux-gnu/13.2.1/:/usr/lib/gcc/x86_64-pc-linux-gnu/]
  ignore line: [LIBRARY_PATH=/usr/lib/gcc/x86_64-pc-linux-gnu/13.2.1/:/usr/lib/gcc/x86_64-pc-linux-gnu/13.2.1/../../../../lib/:/lib/../lib/:/usr/lib/../lib/:/usr/lib/gcc/x86_64-pc-linux-gnu/13.2.1/../../../:/lib/:/usr/lib/]
  ignore line: [Reading specs from /usr/lib/gcc/x86_64-pc-linux-gnu/13.2.1/../../../../lib/libgomp.spec]
  ignore line: [COLLECT_GCC_OPTIONS='-fopenmp' '-v' '-rdynamic' '-o' 'cmTC_0f882' '-v' '-mtune=generic' '-march=x86-64' '-pthread' '-dumpdir' 'cmTC_0f882.']
  link line: [ /usr/lib/gcc/x86_64-pc-linux-gnu/13.2.1/collect2 -plugin /usr/lib/gcc/x86_64-pc-linux-gnu/13.2.1/liblto_plugin.so -plugin-opt=/usr/lib/gcc/x86_64-pc-linux-gnu/13.2.1/lto-wrapper -plugin-opt=-fresolution=/tmp/ccpgAN1M.res -plugin-opt=-pass-through=-lgcc -plugin-opt=-pass-through=-lgcc_s -plugin-opt=-pass-through=-lpthread -plugin-opt=-pass-through=-lc -plugin-opt=-pass-through=-lgcc -plugin-opt=-pass-through=-lgcc_s --build-id --eh-frame-hdr --hash-style=gnu -m elf_x86_64 -export-dynamic -dynamic-linker /lib64/ld-linux-x86-64.so.2 -pie -o cmTC_0f882 /usr/lib/gcc/x86_64-pc-linux-gnu/13.2.1/../../../../lib/Scrt1.o /usr/lib/gcc/x86_64-pc-linux-gnu/13.2.1/../../../../lib/crti.o /usr/lib/gcc/x86_64-pc-linux-gnu/13.2.1/crtbeginS.o -L/usr/lib/gcc/x86_64-pc-linux-gnu/13.2.1 -L/usr/lib/gcc/x86_64-pc-linux-gnu/13.2.1/../../../../lib -L/lib/../lib -L/usr/lib/../lib -L/usr/lib/gcc/x86_64-pc-linux-gnu/13.2.1/../../.. CMakeFiles/cmTC_0f882.dir/OpenMPTryFlag.c.o -lgomp -lgcc --push-state --as-needed -lgcc_s --pop-state -lpthread -lc -lgcc --push-state --as-needed -lgcc_s --pop-state /usr/lib/gcc/x86_64-pc-linux-gnu/13.2.1/crtendS.o /usr/lib/gcc/x86_64-pc-linux-gnu/13.2.1/../../../../lib/crtn.o]
    arg [/usr/lib/gcc/x86_64-pc-linux-gnu/13.2.1/collect2] ==> ignore
    arg [-plugin] ==> ignore
    arg [/usr/lib/gcc/x86_64-pc-linux-gnu/13.2.1/liblto_plugin.so] ==> ignore
    arg [-plugin-opt=/usr/lib/gcc/x86_64-pc-linux-gnu/13.2.1/lto-wrapper] ==> ignore
    arg [-plugin-opt=-fresolution=/tmp/ccpgAN1M.res] ==> ignore
    arg [-plugin-opt=-pass-through=-lgcc] ==> ignore
    arg [-plugin-opt=-pass-through=-lgcc_s] ==> ignore
    arg [-plugin-opt=-pass-through=-lpthread] ==> ignore
    arg [-plugin-opt=-pass-through=-lc] ==> ignore
    arg [-plugin-opt=-pass-through=-lgcc] ==> ignore
    arg [-plugin-opt=-pass-through=-lgcc_s] ==> ignore
    arg [--build-id] ==> ignore
    arg [--eh-frame-hdr] ==> ignore
    arg [--hash-style=gnu] ==> ignore
    arg [-m] ==> ignore
    arg [elf_x86_64] ==> ignore
    arg [-export-dynamic] ==> ignore
    arg [-dynamic-linker] ==> ignore
    arg [/lib64/ld-linux-x86-64.so.2] ==> ignore
    arg [-pie] ==> ignore
    arg [-o] ==> ignore
    arg [cmTC_0f882] ==> ignore
    arg [-L/usr/lib/gcc/x86_64-pc-linux-gnu/13.2.1] ==> dir [/usr/lib/gcc/x86_64-pc-linux-gnu/13.2.1]
    arg [-L/usr/lib/gcc/x86_64-pc-linux-gnu/13.2.1/../../../../lib] ==> dir [/usr/lib/gcc/x86_64-pc-linux-gnu/13.2.1/../../../../lib]
    arg [-L/lib/../lib] ==> dir [/lib/../lib]
    arg [-L/usr/lib/../lib] ==> dir [/usr/lib/../lib]
    arg [-L/usr/lib/gcc/x86_64-pc-linux-gnu/13.2.1/../../..] ==> dir [/usr/lib/gcc/x86_64-pc-linux-gnu/13.2.1/../../..]
    arg [CMakeFiles/cmTC_0f882.dir/OpenMPTryFlag.c.o] ==> ignore
    arg [-lgomp] ==> lib [gomp]
    arg [-lgcc] ==> lib [gcc]
    arg [--push-state] ==> ignore
    arg [--as-needed] ==> ignore
    arg [-lgcc_s] ==> lib [gcc_s]
    arg [--pop-state] ==> ignore
    arg [-lpthread] ==> lib [pthread]
    arg [-lc] ==> lib [c]
    arg [-lgcc] ==> lib [gcc]
    arg [--push-state] ==> ignore
    arg [--as-needed] ==> ignore
    arg [-lgcc_s] ==> lib [gcc_s]
    arg [--pop-state] ==> ignore
  collapse library dir [/usr/lib/gcc/x86_64-pc-linux-gnu/13.2.1] ==> [/usr/lib/gcc/x86_64-pc-linux-gnu/13.2.1]
  collapse library dir [/usr/lib/gcc/x86_64-pc-linux-gnu/13.2.1/../../../../lib] ==> [/usr/lib]
  collapse library dir [/lib/../lib] ==> [/lib]
  collapse library dir [/usr/lib/../lib] ==> [/usr/lib]
  collapse library dir [/usr/lib/gcc/x86_64-pc-linux-gnu/13.2.1/../../..] ==> [/usr/lib]
  implicit libs: [gomp;gcc;gcc_s;pthread;c;gcc;gcc_s]
  implicit objs: []
  implicit dirs: [/usr/lib/gcc/x86_64-pc-linux-gnu/13.2.1;/usr/lib;/lib]
  implicit fwks: []


Detecting CXX OpenMP compiler ABI info compiled with the following output:
Change Dir: /run/media/afreet/D/Codes/Base/build/CMakeFiles/CMakeScratch/TryCompile-HZ4uIn

Run Build Command(s):/usr/bin/make -f Makefile cmTC_79ece/fast && /usr/bin/make  -f CMakeFiles/cmTC_79ece.dir/build.make CMakeFiles/cmTC_79ece.dir/build
make[1]: Entering directory '/run/media/afreet/D/Codes/Base/build/CMakeFiles/CMakeScratch/TryCompile-HZ4uIn'
Building CXX object CMakeFiles/cmTC_79ece.dir/OpenMPTryFlag.cpp.o
/usr/bin/c++   -fopenmp -v -o CMakeFiles/cmTC_79ece.dir/OpenMPTryFlag.cpp.o -c /run/media/afreet/D/Codes/Base/build/CMakeFiles/CMakeScratch/TryCompile-HZ4uIn/OpenMPTryFlag.cpp
Using built-in specs.
COLLECT_GCC=/usr/bin/c++
Target: x86_64-pc-linux-gnu
Configured with: /build/gcc/src/gcc/configure --enable-languages=ada,c,c++,d,fortran,go,lto,objc,obj-c++ --enable-bootstrap --prefix=/usr --libdir=/usr/lib --libexecdir=/usr/lib --mandir=/usr/share/man --infodir=/usr/share/info --with-bugurl=https://bugs.archlinux.org/ --with-build-config=bootstrap-lto --with-linker-hash-style=gnu --with-system-zlib --enable-__cxa_atexit --enable-cet=auto --enable-checking=release --enable-clocale=gnu --enable-default-pie --enable-default-ssp --enable-gnu-indirect-function --enable-gnu-unique-object --enable-libstdcxx-backtrace --enable-link-serialization=1 --enable-linker-build-id --enable-lto --enable-multilib --enable-plugin --enable-shared --enable-threads=posix --disable-libssp --disable-libstdcxx-pch --disable-werror
Thread model: posix
Supported LTO compression algorithms: zlib zstd
gcc version 13.2.1 20230801 (GCC) 
COLLECT_GCC_OPTIONS='-fopenmp' '-v' '-o' 'CMakeFiles/cmTC_79ece.dir/OpenMPTryFlag.cpp.o' '-c' '-shared-libgcc' '-mtune=generic' '-march=x86-64' '-pthread' '-dumpdir' 'CMakeFiles/cmTC_79ece.dir/'
 /usr/lib/gcc/x86_64-pc-linux-gnu/13.2.1/cc1plus -quiet -v -D_GNU_SOURCE -D_REENTRANT /run/media/afreet/D/Codes/Base/build/CMakeFiles/CMakeScratch/TryCompile-HZ4uIn/OpenMPTryFlag.cpp -quiet -dumpdir CMakeFiles/cmTC_79ece.dir/ -dumpbase OpenMPTryFlag.cpp.cpp -dumpbase-ext .cpp -mtune=generic -march=x86-64 -version -fopenmp -o /tmp/ccmAE1Tz.s
GNU C++17 (GCC) version 13.2.1 20230801 (x86_64-pc-linux-gnu)
	compiled by GNU C version 13.2.1 20230801, GMP version 6.3.0, MPFR version 4.2.0-p12, MPC version 1.3.1, isl version isl-0.26-GMP

warning: MPFR header version 4.2.0-p12 differs from library version 4.2.1.
GGC heuristics: --param ggc-min-expand=100 --param ggc-min-heapsize=131072
ignoring nonexistent directory "/usr/lib/gcc/x86_64-pc-linux-gnu/13.2.1/../../../../x86_64-pc-linux-gnu/include"
#include "..." search starts here:
#include <...> search starts here:
 /usr/lib/gcc/x86_64-pc-linux-gnu/13.2.1/../../../../include/c++/13.2.1
 /usr/lib/gcc/x86_64-pc-linux-gnu/13.2.1/../../../../include/c++/13.2.1/x86_64-pc-linux-gnu
 /usr/lib/gcc/x86_64-pc-linux-gnu/13.2.1/../../../../include/c++/13.2.1/backward
 /usr/lib/gcc/x86_64-pc-linux-gnu/13.2.1/include
 /usr/local/include
 /usr/lib/gcc/x86_64-pc-linux-gnu/13.2.1/include-fixed
 /usr/include
End of search list.
Compiler executable checksum: 5a490a353c29b926850bca65a518c219
COLLECT_GCC_OPTIONS='-fopenmp' '-v' '-o' 'CMakeFiles/cmTC_79ece.dir/OpenMPTryFlag.cpp.o' '-c' '-shared-libgcc' '-mtune=generic' '-march=x86-64' '-pthread' '-dumpdir' 'CMakeFiles/cmTC_79ece.dir/'
 as -v --64 -o CMakeFiles/cmTC_79ece.dir/OpenMPTryFlag.cpp.o /tmp/ccmAE1Tz.s
GNU assembler version 2.41.0 (x86_64-pc-linux-gnu) using BFD version (GNU Binutils) 2.41.0
COMPILER_PATH=/usr/lib/gcc/x86_64-pc-linux-gnu/13.2.1/:/usr/lib/gcc/x86_64-pc-linux-gnu/13.2.1/:/usr/lib/gcc/x86_64-pc-linux-gnu/:/usr/lib/gcc/x86_64-pc-linux-gnu/13.2.1/:/usr/lib/gcc/x86_64-pc-linux-gnu/
LIBRARY_PATH=/usr/lib/gcc/x86_64-pc-linux-gnu/13.2.1/:/usr/lib/gcc/x86_64-pc-linux-gnu/13.2.1/../../../../lib/:/lib/../lib/:/usr/lib/../lib/:/usr/lib/gcc/x86_64-pc-linux-gnu/13.2.1/../../../:/lib/:/usr/lib/
COLLECT_GCC_OPTIONS='-fopenmp' '-v' '-o' 'CMakeFiles/cmTC_79ece.dir/OpenMPTryFlag.cpp.o' '-c' '-shared-libgcc' '-mtune=generic' '-march=x86-64' '-pthread' '-dumpdir' 'CMakeFiles/cmTC_79ece.dir/OpenMPTryFlag.cpp.'
Linking CXX executable cmTC_79ece
/home/afreet/anaconda3/lib/python3.10/site-packages/cmake/data/bin/cmake -E cmake_link_script CMakeFiles/cmTC_79ece.dir/link.txt --verbose=1
/usr/bin/c++  -fopenmp -v -rdynamic CMakeFiles/cmTC_79ece.dir/OpenMPTryFlag.cpp.o -o cmTC_79ece  -v 
Using built-in specs.
COLLECT_GCC=/usr/bin/c++
COLLECT_LTO_WRAPPER=/usr/lib/gcc/x86_64-pc-linux-gnu/13.2.1/lto-wrapper
Target: x86_64-pc-linux-gnu
Configured with: /build/gcc/src/gcc/configure --enable-languages=ada,c,c++,d,fortran,go,lto,objc,obj-c++ --enable-bootstrap --prefix=/usr --libdir=/usr/lib --libexecdir=/usr/lib --mandir=/usr/share/man --infodir=/usr/share/info --with-bugurl=https://bugs.archlinux.org/ --with-build-config=bootstrap-lto --with-linker-hash-style=gnu --with-system-zlib --enable-__cxa_atexit --enable-cet=auto --enable-checking=release --enable-clocale=gnu --enable-default-pie --enable-default-ssp --enable-gnu-indirect-function --enable-gnu-unique-object --enable-libstdcxx-backtrace --enable-link-serialization=1 --enable-linker-build-id --enable-lto --enable-multilib --enable-plugin --enable-shared --enable-threads=posix --disable-libssp --disable-libstdcxx-pch --disable-werror
Thread model: posix
Supported LTO compression algorithms: zlib zstd
gcc version 13.2.1 20230801 (GCC) 
COMPILER_PATH=/usr/lib/gcc/x86_64-pc-linux-gnu/13.2.1/:/usr/lib/gcc/x86_64-pc-linux-gnu/13.2.1/:/usr/lib/gcc/x86_64-pc-linux-gnu/:/usr/lib/gcc/x86_64-pc-linux-gnu/13.2.1/:/usr/lib/gcc/x86_64-pc-linux-gnu/
LIBRARY_PATH=/usr/lib/gcc/x86_64-pc-linux-gnu/13.2.1/:/usr/lib/gcc/x86_64-pc-linux-gnu/13.2.1/../../../../lib/:/lib/../lib/:/usr/lib/../lib/:/usr/lib/gcc/x86_64-pc-linux-gnu/13.2.1/../../../:/lib/:/usr/lib/
Reading specs from /usr/lib/gcc/x86_64-pc-linux-gnu/13.2.1/../../../../lib/libgomp.spec
COLLECT_GCC_OPTIONS='-fopenmp' '-v' '-rdynamic' '-o' 'cmTC_79ece' '-v' '-shared-libgcc' '-mtune=generic' '-march=x86-64' '-pthread' '-dumpdir' 'cmTC_79ece.'
 /usr/lib/gcc/x86_64-pc-linux-gnu/13.2.1/collect2 -plugin /usr/lib/gcc/x86_64-pc-linux-gnu/13.2.1/liblto_plugin.so -plugin-opt=/usr/lib/gcc/x86_64-pc-linux-gnu/13.2.1/lto-wrapper -plugin-opt=-fresolution=/tmp/ccjKEjrn.res -plugin-opt=-pass-through=-lgcc_s -plugin-opt=-pass-through=-lgcc -plugin-opt=-pass-through=-lpthread -plugin-opt=-pass-through=-lc -plugin-opt=-pass-through=-lgcc_s -plugin-opt=-pass-through=-lgcc --build-id --eh-frame-hdr --hash-style=gnu -m elf_x86_64 -export-dynamic -dynamic-linker /lib64/ld-linux-x86-64.so.2 -pie -o cmTC_79ece /usr/lib/gcc/x86_64-pc-linux-gnu/13.2.1/../../../../lib/Scrt1.o /usr/lib/gcc/x86_64-pc-linux-gnu/13.2.1/../../../../lib/crti.o /usr/lib/gcc/x86_64-pc-linux-gnu/13.2.1/crtbeginS.o -L/usr/lib/gcc/x86_64-pc-linux-gnu/13.2.1 -L/usr/lib/gcc/x86_64-pc-linux-gnu/13.2.1/../../../../lib -L/lib/../lib -L/usr/lib/../lib -L/usr/lib/gcc/x86_64-pc-linux-gnu/13.2.1/../../.. CMakeFiles/cmTC_79ece.dir/OpenMPTryFlag.cpp.o -lstdc++ -lm -lgomp -lgcc_s -lgcc -lpthread -lc -lgcc_s -lgcc /usr/lib/gcc/x86_64-pc-linux-gnu/13.2.1/crtendS.o /usr/lib/gcc/x86_64-pc-linux-gnu/13.2.1/../../../../lib/crtn.o
COLLECT_GCC_OPTIONS='-fopenmp' '-v' '-rdynamic' '-o' 'cmTC_79ece' '-v' '-shared-libgcc' '-mtune=generic' '-march=x86-64' '-pthread' '-dumpdir' 'cmTC_79ece.'
make[1]: Leaving directory '/run/media/afreet/D/Codes/Base/build/CMakeFiles/CMakeScratch/TryCompile-HZ4uIn'



Parsed CXX OpenMP implicit link information from above output:
  link line regex: [^( *|.*[/\])(ld|CMAKE_LINK_STARTFILE-NOTFOUND|([^/\]+-)?ld|collect2)[^/\]*( |$)]
  ignore line: [Change Dir: /run/media/afreet/D/Codes/Base/build/CMakeFiles/CMakeScratch/TryCompile-HZ4uIn]
  ignore line: []
  ignore line: [Run Build Command(s):/usr/bin/make -f Makefile cmTC_79ece/fast && /usr/bin/make  -f CMakeFiles/cmTC_79ece.dir/build.make CMakeFiles/cmTC_79ece.dir/build]
  ignore line: [make[1]: Entering directory '/run/media/afreet/D/Codes/Base/build/CMakeFiles/CMakeScratch/TryCompile-HZ4uIn']
  ignore line: [Building CXX object CMakeFiles/cmTC_79ece.dir/OpenMPTryFlag.cpp.o]
  ignore line: [/usr/bin/c++   -fopenmp -v -o CMakeFiles/cmTC_79ece.dir/OpenMPTryFlag.cpp.o -c /run/media/afreet/D/Codes/Base/build/CMakeFiles/CMakeScratch/TryCompile-HZ4uIn/OpenMPTryFlag.cpp]
  ignore line: [Using built-in specs.]
  ignore line: [COLLECT_GCC=/usr/bin/c++]
  ignore line: [Target: x86_64-pc-linux-gnu]
  ignore line: [Configured with: /build/gcc/src/gcc/configure --enable-languages=ada c c++ d fortran go lto objc obj-c++ --enable-bootstrap --prefix=/usr --libdir=/usr/lib --libexecdir=/usr/lib --mandir=/usr/share/man --infodir=/usr/share/info --with-bugurl=https://bugs.archlinux.org/ --with-build-config=bootstrap-lto --with-linker-hash-style=gnu --with-system-zlib --enable-__cxa_atexit --enable-cet=auto --enable-checking=release --enable-clocale=gnu --enable-default-pie --enable-default-ssp --enable-gnu-indirect-function --enable-gnu-unique-object --enable-libstdcxx-backtrace --enable-link-serialization=1 --enable-linker-build-id --enable-lto --enable-multilib --enable-plugin --enable-shared --enable-threads=posix --disable-libssp --disable-libstdcxx-pch --disable-werror]
  ignore line: [Thread model: posix]
  ignore line: [Supported LTO compression algorithms: zlib zstd]
  ignore line: [gcc version 13.2.1 20230801 (GCC) ]
  ignore line: [COLLECT_GCC_OPTIONS='-fopenmp' '-v' '-o' 'CMakeFiles/cmTC_79ece.dir/OpenMPTryFlag.cpp.o' '-c' '-shared-libgcc' '-mtune=generic' '-march=x86-64' '-pthread' '-dumpdir' 'CMakeFiles/cmTC_79ece.dir/']
  ignore line: [ /usr/lib/gcc/x86_64-pc-linux-gnu/13.2.1/cc1plus -quiet -v -D_GNU_SOURCE -D_REENTRANT /run/media/afreet/D/Codes/Base/build/CMakeFiles/CMakeScratch/TryCompile-HZ4uIn/OpenMPTryFlag.cpp -quiet -dumpdir CMakeFiles/cmTC_79ece.dir/ -dumpbase OpenMPTryFlag.cpp.cpp -dumpbase-ext .cpp -mtune=generic -march=x86-64 -version -fopenmp -o /tmp/ccmAE1Tz.s]
  ignore line: [GNU C++17 (GCC) version 13.2.1 20230801 (x86_64-pc-linux-gnu)]
  ignore line: [	compiled by GNU C version 13.2.1 20230801  GMP version 6.3.0  MPFR version 4.2.0-p12  MPC version 1.3.1  isl version isl-0.26-GMP]
  ignore line: []
  ignore line: [warning: MPFR header version 4.2.0-p12 differs from library version 4.2.1.]
  ignore line: [GGC heuristics: --param ggc-min-expand=100 --param ggc-min-heapsize=131072]
  ignore line: [ignoring nonexistent directory "/usr/lib/gcc/x86_64-pc-linux-gnu/13.2.1/../../../../x86_64-pc-linux-gnu/include"]
  ignore line: [#include "..." search starts here:]
  ignore line: [#include <...> search starts here:]
  ignore line: [ /usr/lib/gcc/x86_64-pc-linux-gnu/13.2.1/../../../../include/c++/13.2.1]
  ignore line: [ /usr/lib/gcc/x86_64-pc-linux-gnu/13.2.1/../../../../include/c++/13.2.1/x86_64-pc-linux-gnu]
  ignore line: [ /usr/lib/gcc/x86_64-pc-linux-gnu/13.2.1/../../../../include/c++/13.2.1/backward]
  ignore line: [ /usr/lib/gcc/x86_64-pc-linux-gnu/13.2.1/include]
  ignore line: [ /usr/local/include]
  ignore line: [ /usr/lib/gcc/x86_64-pc-linux-gnu/13.2.1/include-fixed]
  ignore line: [ /usr/include]
  ignore line: [End of search list.]
  ignore line: [Compiler executable checksum: 5a490a353c29b926850bca65a518c219]
  ignore line: [COLLECT_GCC_OPTIONS='-fopenmp' '-v' '-o' 'CMakeFiles/cmTC_79ece.dir/OpenMPTryFlag.cpp.o' '-c' '-shared-libgcc' '-mtune=generic' '-march=x86-64' '-pthread' '-dumpdir' 'CMakeFiles/cmTC_79ece.dir/']
  ignore line: [ as -v --64 -o CMakeFiles/cmTC_79ece.dir/OpenMPTryFlag.cpp.o /tmp/ccmAE1Tz.s]
  ignore line: [GNU assembler version 2.41.0 (x86_64-pc-linux-gnu) using BFD version (GNU Binutils) 2.41.0]
  ignore line: [COMPILER_PATH=/usr/lib/gcc/x86_64-pc-linux-gnu/13.2.1/:/usr/lib/gcc/x86_64-pc-linux-gnu/13.2.1/:/usr/lib/gcc/x86_64-pc-linux-gnu/:/usr/lib/gcc/x86_64-pc-linux-gnu/13.2.1/:/usr/lib/gcc/x86_64-pc-linux-gnu/]
  ignore line: [LIBRARY_PATH=/usr/lib/gcc/x86_64-pc-linux-gnu/13.2.1/:/usr/lib/gcc/x86_64-pc-linux-gnu/13.2.1/../../../../lib/:/lib/../lib/:/usr/lib/../lib/:/usr/lib/gcc/x86_64-pc-linux-gnu/13.2.1/../../../:/lib/:/usr/lib/]
  ignore line: [COLLECT_GCC_OPTIONS='-fopenmp' '-v' '-o' 'CMakeFiles/cmTC_79ece.dir/OpenMPTryFlag.cpp.o' '-c' '-shared-libgcc' '-mtune=generic' '-march=x86-64' '-pthread' '-dumpdir' 'CMakeFiles/cmTC_79ece.dir/OpenMPTryFlag.cpp.']
  ignore line: [Linking CXX executable cmTC_79ece]
  ignore line: [/home/afreet/anaconda3/lib/python3.10/site-packages/cmake/data/bin/cmake -E cmake_link_script CMakeFiles/cmTC_79ece.dir/link.txt --verbose=1]
  ignore line: [/usr/bin/c++  -fopenmp -v -rdynamic CMakeFiles/cmTC_79ece.dir/OpenMPTryFlag.cpp.o -o cmTC_79ece  -v ]
  ignore line: [Using built-in specs.]
  ignore line: [COLLECT_GCC=/usr/bin/c++]
  ignore line: [COLLECT_LTO_WRAPPER=/usr/lib/gcc/x86_64-pc-linux-gnu/13.2.1/lto-wrapper]
  ignore line: [Target: x86_64-pc-linux-gnu]
  ignore line: [Configured with: /build/gcc/src/gcc/configure --enable-languages=ada c c++ d fortran go lto objc obj-c++ --enable-bootstrap --prefix=/usr --libdir=/usr/lib --libexecdir=/usr/lib --mandir=/usr/share/man --infodir=/usr/share/info --with-bugurl=https://bugs.archlinux.org/ --with-build-config=bootstrap-lto --with-linker-hash-style=gnu --with-system-zlib --enable-__cxa_atexit --enable-cet=auto --enable-checking=release --enable-clocale=gnu --enable-default-pie --enable-default-ssp --enable-gnu-indirect-function --enable-gnu-unique-object --enable-libstdcxx-backtrace --enable-link-serialization=1 --enable-linker-build-id --enable-lto --enable-multilib --enable-plugin --enable-shared --enable-threads=posix --disable-libssp --disable-libstdcxx-pch --disable-werror]
  ignore line: [Thread model: posix]
  ignore line: [Supported LTO compression algorithms: zlib zstd]
  ignore line: [gcc version 13.2.1 20230801 (GCC) ]
  ignore line: [COMPILER_PATH=/usr/lib/gcc/x86_64-pc-linux-gnu/13.2.1/:/usr/lib/gcc/x86_64-pc-linux-gnu/13.2.1/:/usr/lib/gcc/x86_64-pc-linux-gnu/:/usr/lib/gcc/x86_64-pc-linux-gnu/13.2.1/:/usr/lib/gcc/x86_64-pc-linux-gnu/]
  ignore line: [LIBRARY_PATH=/usr/lib/gcc/x86_64-pc-linux-gnu/13.2.1/:/usr/lib/gcc/x86_64-pc-linux-gnu/13.2.1/../../../../lib/:/lib/../lib/:/usr/lib/../lib/:/usr/lib/gcc/x86_64-pc-linux-gnu/13.2.1/../../../:/lib/:/usr/lib/]
  ignore line: [Reading specs from /usr/lib/gcc/x86_64-pc-linux-gnu/13.2.1/../../../../lib/libgomp.spec]
  ignore line: [COLLECT_GCC_OPTIONS='-fopenmp' '-v' '-rdynamic' '-o' 'cmTC_79ece' '-v' '-shared-libgcc' '-mtune=generic' '-march=x86-64' '-pthread' '-dumpdir' 'cmTC_79ece.']
  link line: [ /usr/lib/gcc/x86_64-pc-linux-gnu/13.2.1/collect2 -plugin /usr/lib/gcc/x86_64-pc-linux-gnu/13.2.1/liblto_plugin.so -plugin-opt=/usr/lib/gcc/x86_64-pc-linux-gnu/13.2.1/lto-wrapper -plugin-opt=-fresolution=/tmp/ccjKEjrn.res -plugin-opt=-pass-through=-lgcc_s -plugin-opt=-pass-through=-lgcc -plugin-opt=-pass-through=-lpthread -plugin-opt=-pass-through=-lc -plugin-opt=-pass-through=-lgcc_s -plugin-opt=-pass-through=-lgcc --build-id --eh-frame-hdr --hash-style=gnu -m elf_x86_64 -export-dynamic -dynamic-linker /lib64/ld-linux-x86-64.so.2 -pie -o cmTC_79ece /usr/lib/gcc/x86_64-pc-linux-gnu/13.2.1/../../../../lib/Scrt1.o /usr/lib/gcc/x86_64-pc-linux-gnu/13.2.1/../../../../lib/crti.o /usr/lib/gcc/x86_64-pc-linux-gnu/13.2.1/crtbeginS.o -L/usr/lib/gcc/x86_64-pc-linux-gnu/13.2.1 -L/usr/lib/gcc/x86_64-pc-linux-gnu/13.2.1/../../../../lib -L/lib/../lib -L/usr/lib/../lib -L/usr/lib/gcc/x86_64-pc-linux-gnu/13.2.1/../../.. CMakeFiles/cmTC_79ece.dir/OpenMPTryFlag.cpp.o -lstdc++ -lm -lgomp -lgcc_s -lgcc -lpthread -lc -lgcc_s -lgcc /usr/lib/gcc/x86_64-pc-linux-gnu/13.2.1/crtendS.o /usr/lib/gcc/x86_64-pc-linux-gnu/13.2.1/../../../../lib/crtn.o]
    arg [/usr/lib/gcc/x86_64-pc-linux-gnu/13.2.1/collect2] ==> ignore
    arg [-plugin] ==> ignore
    arg [/usr/lib/gcc/x86_64-pc-linux-gnu/13.2.1/liblto_plugin.so] ==> ignore
    arg [-plugin-opt=/usr/lib/gcc/x86_64-pc-linux-gnu/13.2.1/lto-wrapper] ==> ignore
    arg [-plugin-opt=-fresolution=/tmp/ccjKEjrn.res] ==> ignore
    arg [-plugin-opt=-pass-through=-lgcc_s] ==> ignore
    arg [-plugin-opt=-pass-through=-lgcc] ==> ignore
    arg [-plugin-opt=-pass-through=-lpthread] ==> ignore
    arg [-plugin-opt=-pass-through=-lc] ==> ignore
    arg [-plugin-opt=-pass-through=-lgcc_s] ==> ignore
    arg [-plugin-opt=-pass-through=-lgcc] ==> ignore
    arg [--build-id] ==> ignore
    arg [--eh-frame-hdr] ==> ignore
    arg [--hash-style=gnu] ==> ignore
    arg [-m] ==> ignore
    arg [elf_x86_64] ==> ignore
    arg [-export-dynamic] ==> ignore
    arg [-dynamic-linker] ==> ignore
    arg [/lib64/ld-linux-x86-64.so.2] ==> ignore
    arg [-pie] ==> ignore
    arg [-o] ==> ignore
    arg [cmTC_79ece] ==> ignore
    arg [-L/usr/lib/gcc/x86_64-pc-linux-gnu/13.2.1] ==> dir [/usr/lib/gcc/x86_64-pc-linux-gnu/13.2.1]
    arg [-L/usr/lib/gcc/x86_64-pc-linux-gnu/13.2.1/../../../../lib] ==> dir [/usr/lib/gcc/x86_64-pc-linux-gnu/13.2.1/../../../../lib]
    arg [-L/lib/../lib] ==> dir [/lib/../lib]
    arg [-L/usr/lib/../lib] ==> dir [/usr/lib/../lib]
    arg [-L/usr/lib/gcc/x86_64-pc-linux-gnu/13.2.1/../../..] ==> dir [/usr/lib/gcc/x86_64-pc-linux-gnu/13.2.1/../../..]
    arg [CMakeFiles/cmTC_79ece.dir/OpenMPTryFlag.cpp.o] ==> ignore
    arg [-lstdc++] ==> lib [stdc++]
    arg [-lm] ==> lib [m]
    arg [-lgomp] ==> lib [gomp]
    arg [-lgcc_s] ==> lib [gcc_s]
    arg [-lgcc] ==> lib [gcc]
    arg [-lpthread] ==> lib [pthread]
    arg [-lc] ==> lib [c]
    arg [-lgcc_s] ==> lib [gcc_s]
    arg [-lgcc] ==> lib [gcc]
  collapse library dir [/usr/lib/gcc/x86_64-pc-linux-gnu/13.2.1] ==> [/usr/lib/gcc/x86_64-pc-linux-gnu/13.2.1]
  collapse library dir [/usr/lib/gcc/x86_64-pc-linux-gnu/13.2.1/../../../../lib] ==> [/usr/lib]
  collapse library dir [/lib/../lib] ==> [/lib]
  collapse library dir [/usr/lib/../lib] ==> [/usr/lib]
  collapse library dir [/usr/lib/gcc/x86_64-pc-linux-gnu/13.2.1/../../..] ==> [/usr/lib]
  implicit libs: [stdc++;m;gomp;gcc_s;gcc;pthread;c;gcc_s;gcc]
  implicit objs: []
  implicit dirs: [/usr/lib/gcc/x86_64-pc-linux-gnu/13.2.1;/usr/lib;/lib]
  implicit fwks: []


